[1.550s] Invoking command in '/home/guilherme04/turtle_workspace/src/turtle_pond': PYTHONPATH=/home/guilherme04/turtle_workspace/build/turtle_pond/prefix_override:/home/guilherme04/turtle_workspace/install/turtle_pond/lib/python3.10/site-packages:${PYTHONPATH} /usr/bin/python3 -W ignore:setup.py install is deprecated setup.py egg_info --egg-base ../../build/turtle_pond build --build-base /home/guilherme04/turtle_workspace/build/turtle_pond/build install --record /home/guilherme04/turtle_workspace/build/turtle_pond/install.log --single-version-externally-managed install_data
[1.986s] running egg_info
[1.988s] writing ../../build/turtle_pond/turtle_pond.egg-info/PKG-INFO
[1.990s] writing dependency_links to ../../build/turtle_pond/turtle_pond.egg-info/dependency_links.txt
[1.991s] writing entry points to ../../build/turtle_pond/turtle_pond.egg-info/entry_points.txt
[1.992s] writing requirements to ../../build/turtle_pond/turtle_pond.egg-info/requires.txt
[1.992s] writing top-level names to ../../build/turtle_pond/turtle_pond.egg-info/top_level.txt
[1.995s] reading manifest file '../../build/turtle_pond/turtle_pond.egg-info/SOURCES.txt'
[1.998s] writing manifest file '../../build/turtle_pond/turtle_pond.egg-info/SOURCES.txt'
[2.000s] running build
[2.002s] running build_py
[2.002s] running install
[2.003s] running install_lib
[2.007s] running install_data
[2.009s] copying package.xml -> /home/guilherme04/turtle_workspace/install/turtle_pond/share/turtle_pond
[2.013s] running install_egg_info
[2.015s] removing '/home/guilherme04/turtle_workspace/install/turtle_pond/lib/python3.10/site-packages/turtle_pond-0.0.0-py3.10.egg-info' (and everything under it)
[2.016s] Copying ../../build/turtle_pond/turtle_pond.egg-info to /home/guilherme04/turtle_workspace/install/turtle_pond/lib/python3.10/site-packages/turtle_pond-0.0.0-py3.10.egg-info
[2.018s] running install_scripts
[2.063s] Installing turtle script to /home/guilherme04/turtle_workspace/install/turtle_pond/lib/turtle_pond
[2.064s] writing list of installed files to '/home/guilherme04/turtle_workspace/build/turtle_pond/install.log'
[2.171s] Invoked command in '/home/guilherme04/turtle_workspace/src/turtle_pond' returned '0': PYTHONPATH=/home/guilherme04/turtle_workspace/build/turtle_pond/prefix_override:/home/guilherme04/turtle_workspace/install/turtle_pond/lib/python3.10/site-packages:${PYTHONPATH} /usr/bin/python3 -W ignore:setup.py install is deprecated setup.py egg_info --egg-base ../../build/turtle_pond build --build-base /home/guilherme04/turtle_workspace/build/turtle_pond/build install --record /home/guilherme04/turtle_workspace/build/turtle_pond/install.log --single-version-externally-managed install_data
