[2.750s] Invoking command in '/home/guilherme04/turtle_workspace/src/turtle_pond': PYTHONPATH=/home/guilherme04/turtle_workspace/build/turtle_pond/prefix_override:/home/guilherme04/turtle_workspace/install/turtle_pond/lib/python3.10/site-packages:${PYTHONPATH} /usr/bin/python3 -W ignore:setup.py install is deprecated setup.py egg_info --egg-base ../../build/turtle_pond build --build-base /home/guilherme04/turtle_workspace/build/turtle_pond/build install --record /home/guilherme04/turtle_workspace/build/turtle_pond/install.log --single-version-externally-managed install_data
[3.066s] running egg_info
[3.067s] writing ../../build/turtle_pond/turtle_pond.egg-info/PKG-INFO
[3.069s] writing dependency_links to ../../build/turtle_pond/turtle_pond.egg-info/dependency_links.txt
[3.069s] writing entry points to ../../build/turtle_pond/turtle_pond.egg-info/entry_points.txt
[3.069s] writing requirements to ../../build/turtle_pond/turtle_pond.egg-info/requires.txt
[3.069s] writing top-level names to ../../build/turtle_pond/turtle_pond.egg-info/top_level.txt
[3.072s] reading manifest file '../../build/turtle_pond/turtle_pond.egg-info/SOURCES.txt'
[3.074s] writing manifest file '../../build/turtle_pond/turtle_pond.egg-info/SOURCES.txt'
[3.075s] running build
[3.075s] running build_py
[3.076s] copying turtle_pond/turtle.py -> /home/guilherme04/turtle_workspace/build/turtle_pond/build/lib/turtle_pond
[3.077s] running install
[3.078s] running install_lib
[3.080s] copying /home/guilherme04/turtle_workspace/build/turtle_pond/build/lib/turtle_pond/turtle.py -> /home/guilherme04/turtle_workspace/install/turtle_pond/lib/python3.10/site-packages/turtle_pond
[3.084s] byte-compiling /home/guilherme04/turtle_workspace/install/turtle_pond/lib/python3.10/site-packages/turtle_pond/turtle.py to turtle.cpython-310.pyc
[3.084s] running install_data
[3.085s] running install_egg_info
[3.087s] removing '/home/guilherme04/turtle_workspace/install/turtle_pond/lib/python3.10/site-packages/turtle_pond-0.0.0-py3.10.egg-info' (and everything under it)
[3.087s] Copying ../../build/turtle_pond/turtle_pond.egg-info to /home/guilherme04/turtle_workspace/install/turtle_pond/lib/python3.10/site-packages/turtle_pond-0.0.0-py3.10.egg-info
[3.089s] running install_scripts
[3.115s] Installing turtle script to /home/guilherme04/turtle_workspace/install/turtle_pond/lib/turtle_pond
[3.128s] writing list of installed files to '/home/guilherme04/turtle_workspace/build/turtle_pond/install.log'
[3.183s] Invoked command in '/home/guilherme04/turtle_workspace/src/turtle_pond' returned '0': PYTHONPATH=/home/guilherme04/turtle_workspace/build/turtle_pond/prefix_override:/home/guilherme04/turtle_workspace/install/turtle_pond/lib/python3.10/site-packages:${PYTHONPATH} /usr/bin/python3 -W ignore:setup.py install is deprecated setup.py egg_info --egg-base ../../build/turtle_pond build --build-base /home/guilherme04/turtle_workspace/build/turtle_pond/build install --record /home/guilherme04/turtle_workspace/build/turtle_pond/install.log --single-version-externally-managed install_data
