[0.613s] Invoking command in '/home/guilherme04/turtle_workspace/build/turtle_sim_hw': PYTHONPATH=/home/guilherme04/turtle_workspace/build/turtle_sim_hw/prefix_override:/home/guilherme04/turtle_workspace/install/turtle_sim_hw/lib/python3.10/site-packages:${PYTHONPATH} /usr/bin/python3 -W ignore:setup.py install is deprecated setup.py develop --uninstall --editable --build-directory /home/guilherme04/turtle_workspace/build/turtle_sim_hw/build
[0.871s] running develop
[0.989s] Removing /home/guilherme04/turtle_workspace/install/turtle_sim_hw/lib/python3.10/site-packages/turtle-sim-hw.egg-link (link to .)
[1.030s] Invoked command in '/home/guilherme04/turtle_workspace/build/turtle_sim_hw' returned '0': PYTHONPATH=/home/guilherme04/turtle_workspace/build/turtle_sim_hw/prefix_override:/home/guilherme04/turtle_workspace/install/turtle_sim_hw/lib/python3.10/site-packages:${PYTHONPATH} /usr/bin/python3 -W ignore:setup.py install is deprecated setup.py develop --uninstall --editable --build-directory /home/guilherme04/turtle_workspace/build/turtle_sim_hw/build
[1.030s] Invoking command in '/home/guilherme04/turtle_workspace/src/turtle_sim_hw': PYTHONPATH=/home/guilherme04/turtle_workspace/build/turtle_sim_hw/prefix_override:/home/guilherme04/turtle_workspace/install/turtle_sim_hw/lib/python3.10/site-packages:${PYTHONPATH} /usr/bin/python3 -W ignore:setup.py install is deprecated setup.py egg_info --egg-base ../../build/turtle_sim_hw build --build-base /home/guilherme04/turtle_workspace/build/turtle_sim_hw/build install --record /home/guilherme04/turtle_workspace/build/turtle_sim_hw/install.log --single-version-externally-managed install_data --force
[1.238s] running egg_info
[1.239s] writing ../../build/turtle_sim_hw/turtle_sim_hw.egg-info/PKG-INFO
[1.239s] writing dependency_links to ../../build/turtle_sim_hw/turtle_sim_hw.egg-info/dependency_links.txt
[1.243s] writing entry points to ../../build/turtle_sim_hw/turtle_sim_hw.egg-info/entry_points.txt
[1.243s] writing requirements to ../../build/turtle_sim_hw/turtle_sim_hw.egg-info/requires.txt
[1.243s] writing top-level names to ../../build/turtle_sim_hw/turtle_sim_hw.egg-info/top_level.txt
[1.245s] reading manifest file '../../build/turtle_sim_hw/turtle_sim_hw.egg-info/SOURCES.txt'
[1.246s] writing manifest file '../../build/turtle_sim_hw/turtle_sim_hw.egg-info/SOURCES.txt'
[1.246s] running build
[1.246s] running build_py
[1.247s] creating /home/guilherme04/turtle_workspace/build/turtle_sim_hw/build
[1.247s] creating /home/guilherme04/turtle_workspace/build/turtle_sim_hw/build/lib
[1.248s] creating /home/guilherme04/turtle_workspace/build/turtle_sim_hw/build/lib/turtle_sim_hw
[1.248s] copying turtle_sim_hw/script.py -> /home/guilherme04/turtle_workspace/build/turtle_sim_hw/build/lib/turtle_sim_hw
[1.248s] copying turtle_sim_hw/__init__.py -> /home/guilherme04/turtle_workspace/build/turtle_sim_hw/build/lib/turtle_sim_hw
[1.248s] running install
[1.248s] running install_lib
[1.249s] creating /home/guilherme04/turtle_workspace/install/turtle_sim_hw/lib/python3.10/site-packages/turtle_sim_hw
[1.249s] copying /home/guilherme04/turtle_workspace/build/turtle_sim_hw/build/lib/turtle_sim_hw/script.py -> /home/guilherme04/turtle_workspace/install/turtle_sim_hw/lib/python3.10/site-packages/turtle_sim_hw
[1.250s] copying /home/guilherme04/turtle_workspace/build/turtle_sim_hw/build/lib/turtle_sim_hw/__init__.py -> /home/guilherme04/turtle_workspace/install/turtle_sim_hw/lib/python3.10/site-packages/turtle_sim_hw
[1.251s] byte-compiling /home/guilherme04/turtle_workspace/install/turtle_sim_hw/lib/python3.10/site-packages/turtle_sim_hw/script.py to script.cpython-310.pyc
[1.251s] byte-compiling /home/guilherme04/turtle_workspace/install/turtle_sim_hw/lib/python3.10/site-packages/turtle_sim_hw/__init__.py to __init__.cpython-310.pyc
[1.251s] running install_data
[1.251s] copying resource/turtle_sim_hw -> /home/guilherme04/turtle_workspace/install/turtle_sim_hw/share/ament_index/resource_index/packages
[1.252s] copying package.xml -> /home/guilherme04/turtle_workspace/install/turtle_sim_hw/share/turtle_sim_hw
[1.252s] running install_egg_info
[1.254s] Copying ../../build/turtle_sim_hw/turtle_sim_hw.egg-info to /home/guilherme04/turtle_workspace/install/turtle_sim_hw/lib/python3.10/site-packages/turtle_sim_hw-0.0.0-py3.10.egg-info
[1.255s] running install_scripts
[1.272s] Installing start script to /home/guilherme04/turtle_workspace/install/turtle_sim_hw/lib/turtle_sim_hw
[1.273s] writing list of installed files to '/home/guilherme04/turtle_workspace/build/turtle_sim_hw/install.log'
[1.298s] Invoked command in '/home/guilherme04/turtle_workspace/src/turtle_sim_hw' returned '0': PYTHONPATH=/home/guilherme04/turtle_workspace/build/turtle_sim_hw/prefix_override:/home/guilherme04/turtle_workspace/install/turtle_sim_hw/lib/python3.10/site-packages:${PYTHONPATH} /usr/bin/python3 -W ignore:setup.py install is deprecated setup.py egg_info --egg-base ../../build/turtle_sim_hw build --build-base /home/guilherme04/turtle_workspace/build/turtle_sim_hw/build install --record /home/guilherme04/turtle_workspace/build/turtle_sim_hw/install.log --single-version-externally-managed install_data --force
