[0.774s] Invoking command in '/home/guilherme04/turtle_workspace/src/turtle_pond': PYTHONPATH=/home/guilherme04/turtle_workspace/build/turtle_pond/prefix_override:/home/guilherme04/turtle_workspace/install/turtle_pond/lib/python3.10/site-packages:${PYTHONPATH} /usr/bin/python3 -W ignore:setup.py install is deprecated setup.py egg_info --egg-base ../../build/turtle_pond build --build-base /home/guilherme04/turtle_workspace/build/turtle_pond/build install --record /home/guilherme04/turtle_workspace/build/turtle_pond/install.log --single-version-externally-managed install_data
[1.013s] running egg_info
[1.015s] writing ../../build/turtle_pond/turtle_pond.egg-info/PKG-INFO
[1.015s] writing dependency_links to ../../build/turtle_pond/turtle_pond.egg-info/dependency_links.txt
[1.016s] writing entry points to ../../build/turtle_pond/turtle_pond.egg-info/entry_points.txt
[1.016s] writing requirements to ../../build/turtle_pond/turtle_pond.egg-info/requires.txt
[1.016s] writing top-level names to ../../build/turtle_pond/turtle_pond.egg-info/top_level.txt
[1.018s] reading manifest file '../../build/turtle_pond/turtle_pond.egg-info/SOURCES.txt'
[1.018s] writing manifest file '../../build/turtle_pond/turtle_pond.egg-info/SOURCES.txt'
[1.019s] running build
[1.019s] running build_py
[1.019s] copying turtle_pond/turtle.py -> /home/guilherme04/turtle_workspace/build/turtle_pond/build/lib/turtle_pond
[1.019s] running install
[1.019s] running install_lib
[1.020s] copying /home/guilherme04/turtle_workspace/build/turtle_pond/build/lib/turtle_pond/turtle.py -> /home/guilherme04/turtle_workspace/install/turtle_pond/lib/python3.10/site-packages/turtle_pond
[1.021s] byte-compiling /home/guilherme04/turtle_workspace/install/turtle_pond/lib/python3.10/site-packages/turtle_pond/turtle.py to turtle.cpython-310.pyc
[1.022s] running install_data
[1.022s] running install_egg_info
[1.024s] removing '/home/guilherme04/turtle_workspace/install/turtle_pond/lib/python3.10/site-packages/turtle_pond-0.0.0-py3.10.egg-info' (and everything under it)
[1.024s] Copying ../../build/turtle_pond/turtle_pond.egg-info to /home/guilherme04/turtle_workspace/install/turtle_pond/lib/python3.10/site-packages/turtle_pond-0.0.0-py3.10.egg-info
[1.025s] running install_scripts
[1.052s] Installing turtle script to /home/guilherme04/turtle_workspace/install/turtle_pond/lib/turtle_pond
[1.052s] writing list of installed files to '/home/guilherme04/turtle_workspace/build/turtle_pond/install.log'
[1.087s] Invoked command in '/home/guilherme04/turtle_workspace/src/turtle_pond' returned '0': PYTHONPATH=/home/guilherme04/turtle_workspace/build/turtle_pond/prefix_override:/home/guilherme04/turtle_workspace/install/turtle_pond/lib/python3.10/site-packages:${PYTHONPATH} /usr/bin/python3 -W ignore:setup.py install is deprecated setup.py egg_info --egg-base ../../build/turtle_pond build --build-base /home/guilherme04/turtle_workspace/build/turtle_pond/build install --record /home/guilherme04/turtle_workspace/build/turtle_pond/install.log --single-version-externally-managed install_data
