[0.343s] DEBUG:colcon:Command line arguments: ['/usr/bin/colcon', 'build', '--symlink-install', '--packages-select', 'turtle_sim_hw']
[0.343s] DEBUG:colcon:Parsed command line arguments: Namespace(log_base=None, log_level=None, verb_name='build', build_base='build', install_base='install', merge_install=False, symlink_install=True, test_result_base=None, continue_on_error=False, executor='parallel', parallel_workers=8, event_handlers=None, ignore_user_meta=False, metas=['./colcon.meta'], base_paths=['.'], packages_ignore=None, packages_ignore_regex=None, paths=None, packages_up_to=None, packages_up_to_regex=None, packages_above=None, packages_above_and_dependencies=None, packages_above_depth=None, packages_select_by_dep=None, packages_skip_by_dep=None, packages_skip_up_to=None, packages_select_build_failed=False, packages_skip_build_finished=False, packages_select_test_failures=False, packages_skip_test_passed=False, packages_select=['turtle_sim_hw'], packages_skip=None, packages_select_regex=None, packages_skip_regex=None, packages_start=None, packages_end=None, allow_overriding=[], cmake_args=None, cmake_target=None, cmake_target_skip_unavailable=False, cmake_clean_cache=False, cmake_clean_first=False, cmake_force_configure=False, ament_cmake_args=None, catkin_cmake_args=None, catkin_skip_building_tests=False, verb_parser=<colcon_defaults.argument_parser.defaults.DefaultArgumentsDecorator object at 0x7fe44d0b8670>, verb_extension=<colcon_core.verb.build.BuildVerb object at 0x7fe44d0b80a0>, main=<bound method BuildVerb.main of <colcon_core.verb.build.BuildVerb object at 0x7fe44d0b80a0>>)
[0.537s] Level 1:colcon.colcon_core.package_discovery:discover_packages(colcon_meta) check parameters
[0.537s] Level 1:colcon.colcon_core.package_discovery:discover_packages(recursive) check parameters
[0.538s] Level 1:colcon.colcon_core.package_discovery:discover_packages(ignore) check parameters
[0.538s] Level 1:colcon.colcon_core.package_discovery:discover_packages(path) check parameters
[0.538s] Level 1:colcon.colcon_core.package_discovery:discover_packages(colcon_meta) discover
[0.538s] Level 1:colcon.colcon_core.package_discovery:discover_packages(recursive) discover
[0.538s] INFO:colcon.colcon_core.package_discovery:Crawling recursively for packages in '/home/guilherme04/turtle_workspace'
[0.538s] Level 1:colcon.colcon_core.package_identification:_identify(.) by extensions ['ignore', 'ignore_ament_install']
[0.538s] Level 1:colcon.colcon_core.package_identification:_identify(.) by extension 'ignore'
[0.538s] Level 1:colcon.colcon_core.package_identification:_identify(.) by extension 'ignore_ament_install'
[0.538s] Level 1:colcon.colcon_core.package_identification:_identify(.) by extensions ['colcon_pkg']
[0.538s] Level 1:colcon.colcon_core.package_identification:_identify(.) by extension 'colcon_pkg'
[0.538s] Level 1:colcon.colcon_core.package_identification:_identify(.) by extensions ['colcon_meta']
[0.538s] Level 1:colcon.colcon_core.package_identification:_identify(.) by extension 'colcon_meta'
[0.538s] Level 1:colcon.colcon_core.package_identification:_identify(.) by extensions ['ros']
[0.538s] Level 1:colcon.colcon_core.package_identification:_identify(.) by extension 'ros'
[0.548s] Level 1:colcon.colcon_core.package_identification:_identify(.) by extensions ['cmake', 'python']
[0.548s] Level 1:colcon.colcon_core.package_identification:_identify(.) by extension 'cmake'
[0.548s] Level 1:colcon.colcon_core.package_identification:_identify(.) by extension 'python'
[0.548s] Level 1:colcon.colcon_core.package_identification:_identify(.) by extensions ['python_setup_py']
[0.548s] Level 1:colcon.colcon_core.package_identification:_identify(.) by extension 'python_setup_py'
[0.548s] Level 1:colcon.colcon_core.package_identification:_identify(build) by extensions ['ignore', 'ignore_ament_install']
[0.548s] Level 1:colcon.colcon_core.package_identification:_identify(build) by extension 'ignore'
[0.548s] Level 1:colcon.colcon_core.package_identification:_identify(build) ignored
[0.549s] Level 1:colcon.colcon_core.package_identification:_identify(install) by extensions ['ignore', 'ignore_ament_install']
[0.549s] Level 1:colcon.colcon_core.package_identification:_identify(install) by extension 'ignore'
[0.549s] Level 1:colcon.colcon_core.package_identification:_identify(install) ignored
[0.549s] Level 1:colcon.colcon_core.package_identification:_identify(log) by extensions ['ignore', 'ignore_ament_install']
[0.549s] Level 1:colcon.colcon_core.package_identification:_identify(log) by extension 'ignore'
[0.549s] Level 1:colcon.colcon_core.package_identification:_identify(log) ignored
[0.549s] Level 1:colcon.colcon_core.package_identification:_identify(src) by extensions ['ignore', 'ignore_ament_install']
[0.549s] Level 1:colcon.colcon_core.package_identification:_identify(src) by extension 'ignore'
[0.549s] Level 1:colcon.colcon_core.package_identification:_identify(src) by extension 'ignore_ament_install'
[0.549s] Level 1:colcon.colcon_core.package_identification:_identify(src) by extensions ['colcon_pkg']
[0.549s] Level 1:colcon.colcon_core.package_identification:_identify(src) by extension 'colcon_pkg'
[0.549s] Level 1:colcon.colcon_core.package_identification:_identify(src) by extensions ['colcon_meta']
[0.549s] Level 1:colcon.colcon_core.package_identification:_identify(src) by extension 'colcon_meta'
[0.549s] Level 1:colcon.colcon_core.package_identification:_identify(src) by extensions ['ros']
[0.549s] Level 1:colcon.colcon_core.package_identification:_identify(src) by extension 'ros'
[0.550s] Level 1:colcon.colcon_core.package_identification:_identify(src) by extensions ['cmake', 'python']
[0.550s] Level 1:colcon.colcon_core.package_identification:_identify(src) by extension 'cmake'
[0.550s] Level 1:colcon.colcon_core.package_identification:_identify(src) by extension 'python'
[0.550s] Level 1:colcon.colcon_core.package_identification:_identify(src) by extensions ['python_setup_py']
[0.550s] Level 1:colcon.colcon_core.package_identification:_identify(src) by extension 'python_setup_py'
[0.550s] Level 1:colcon.colcon_core.package_identification:_identify(src/ros_tutorials) by extensions ['ignore', 'ignore_ament_install']
[0.550s] Level 1:colcon.colcon_core.package_identification:_identify(src/ros_tutorials) by extension 'ignore'
[0.550s] Level 1:colcon.colcon_core.package_identification:_identify(src/ros_tutorials) by extension 'ignore_ament_install'
[0.550s] Level 1:colcon.colcon_core.package_identification:_identify(src/ros_tutorials) by extensions ['colcon_pkg']
[0.550s] Level 1:colcon.colcon_core.package_identification:_identify(src/ros_tutorials) by extension 'colcon_pkg'
[0.550s] Level 1:colcon.colcon_core.package_identification:_identify(src/ros_tutorials) by extensions ['colcon_meta']
[0.550s] Level 1:colcon.colcon_core.package_identification:_identify(src/ros_tutorials) by extension 'colcon_meta'
[0.550s] Level 1:colcon.colcon_core.package_identification:_identify(src/ros_tutorials) by extensions ['ros']
[0.550s] Level 1:colcon.colcon_core.package_identification:_identify(src/ros_tutorials) by extension 'ros'
[0.550s] Level 1:colcon.colcon_core.package_identification:_identify(src/ros_tutorials) by extensions ['cmake', 'python']
[0.550s] Level 1:colcon.colcon_core.package_identification:_identify(src/ros_tutorials) by extension 'cmake'
[0.551s] Level 1:colcon.colcon_core.package_identification:_identify(src/ros_tutorials) by extension 'python'
[0.551s] Level 1:colcon.colcon_core.package_identification:_identify(src/ros_tutorials) by extensions ['python_setup_py']
[0.551s] Level 1:colcon.colcon_core.package_identification:_identify(src/ros_tutorials) by extension 'python_setup_py'
[0.551s] Level 1:colcon.colcon_core.package_identification:_identify(src/ros_tutorials/ros_tutorials) by extensions ['ignore', 'ignore_ament_install']
[0.551s] Level 1:colcon.colcon_core.package_identification:_identify(src/ros_tutorials/ros_tutorials) by extension 'ignore'
[0.551s] Level 1:colcon.colcon_core.package_identification:_identify(src/ros_tutorials/ros_tutorials) ignored
[0.551s] Level 1:colcon.colcon_core.package_identification:_identify(src/ros_tutorials/roscpp_tutorials) by extensions ['ignore', 'ignore_ament_install']
[0.551s] Level 1:colcon.colcon_core.package_identification:_identify(src/ros_tutorials/roscpp_tutorials) by extension 'ignore'
[0.551s] Level 1:colcon.colcon_core.package_identification:_identify(src/ros_tutorials/roscpp_tutorials) ignored
[0.551s] Level 1:colcon.colcon_core.package_identification:_identify(src/ros_tutorials/rospy_tutorials) by extensions ['ignore', 'ignore_ament_install']
[0.551s] Level 1:colcon.colcon_core.package_identification:_identify(src/ros_tutorials/rospy_tutorials) by extension 'ignore'
[0.551s] Level 1:colcon.colcon_core.package_identification:_identify(src/ros_tutorials/rospy_tutorials) ignored
[0.551s] Level 1:colcon.colcon_core.package_identification:_identify(src/ros_tutorials/turtlesim) by extensions ['ignore', 'ignore_ament_install']
[0.551s] Level 1:colcon.colcon_core.package_identification:_identify(src/ros_tutorials/turtlesim) by extension 'ignore'
[0.551s] Level 1:colcon.colcon_core.package_identification:_identify(src/ros_tutorials/turtlesim) by extension 'ignore_ament_install'
[0.551s] Level 1:colcon.colcon_core.package_identification:_identify(src/ros_tutorials/turtlesim) by extensions ['colcon_pkg']
[0.551s] Level 1:colcon.colcon_core.package_identification:_identify(src/ros_tutorials/turtlesim) by extension 'colcon_pkg'
[0.552s] Level 1:colcon.colcon_core.package_identification:_identify(src/ros_tutorials/turtlesim) by extensions ['colcon_meta']
[0.552s] Level 1:colcon.colcon_core.package_identification:_identify(src/ros_tutorials/turtlesim) by extension 'colcon_meta'
[0.552s] Level 1:colcon.colcon_core.package_identification:_identify(src/ros_tutorials/turtlesim) by extensions ['ros']
[0.552s] Level 1:colcon.colcon_core.package_identification:_identify(src/ros_tutorials/turtlesim) by extension 'ros'
[0.555s] DEBUG:colcon.colcon_core.package_identification:Package 'src/ros_tutorials/turtlesim' with type 'ros.ament_cmake' and name 'turtlesim'
[0.555s] Level 1:colcon.colcon_core.package_identification:_identify(src/turtle_pond) by extensions ['ignore', 'ignore_ament_install']
[0.555s] Level 1:colcon.colcon_core.package_identification:_identify(src/turtle_pond) by extension 'ignore'
[0.555s] Level 1:colcon.colcon_core.package_identification:_identify(src/turtle_pond) by extension 'ignore_ament_install'
[0.555s] Level 1:colcon.colcon_core.package_identification:_identify(src/turtle_pond) by extensions ['colcon_pkg']
[0.555s] Level 1:colcon.colcon_core.package_identification:_identify(src/turtle_pond) by extension 'colcon_pkg'
[0.555s] Level 1:colcon.colcon_core.package_identification:_identify(src/turtle_pond) by extensions ['colcon_meta']
[0.555s] Level 1:colcon.colcon_core.package_identification:_identify(src/turtle_pond) by extension 'colcon_meta'
[0.555s] Level 1:colcon.colcon_core.package_identification:_identify(src/turtle_pond) by extensions ['ros']
[0.555s] Level 1:colcon.colcon_core.package_identification:_identify(src/turtle_pond) by extension 'ros'
[0.555s] DEBUG:colcon.colcon_core.package_identification:Package 'src/turtle_pond' with type 'ros.ament_python' and name 'turtle_pond'
[0.555s] Level 1:colcon.colcon_core.package_identification:_identify(src/turtle_sim_hw) by extensions ['ignore', 'ignore_ament_install']
[0.556s] Level 1:colcon.colcon_core.package_identification:_identify(src/turtle_sim_hw) by extension 'ignore'
[0.556s] Level 1:colcon.colcon_core.package_identification:_identify(src/turtle_sim_hw) by extension 'ignore_ament_install'
[0.556s] Level 1:colcon.colcon_core.package_identification:_identify(src/turtle_sim_hw) by extensions ['colcon_pkg']
[0.556s] Level 1:colcon.colcon_core.package_identification:_identify(src/turtle_sim_hw) by extension 'colcon_pkg'
[0.556s] Level 1:colcon.colcon_core.package_identification:_identify(src/turtle_sim_hw) by extensions ['colcon_meta']
[0.556s] Level 1:colcon.colcon_core.package_identification:_identify(src/turtle_sim_hw) by extension 'colcon_meta'
[0.556s] Level 1:colcon.colcon_core.package_identification:_identify(src/turtle_sim_hw) by extensions ['ros']
[0.556s] Level 1:colcon.colcon_core.package_identification:_identify(src/turtle_sim_hw) by extension 'ros'
[0.556s] DEBUG:colcon.colcon_core.package_identification:Package 'src/turtle_sim_hw' with type 'ros.ament_python' and name 'turtle_sim_hw'
[0.557s] Level 1:colcon.colcon_core.package_discovery:discover_packages(recursive) using defaults
[0.557s] Level 1:colcon.colcon_core.package_discovery:discover_packages(ignore) discover
[0.557s] Level 1:colcon.colcon_core.package_discovery:discover_packages(ignore) using defaults
[0.557s] Level 1:colcon.colcon_core.package_discovery:discover_packages(path) discover
[0.557s] Level 1:colcon.colcon_core.package_discovery:discover_packages(path) using defaults
[0.613s] INFO:colcon.colcon_core.package_selection:Skipping not selected package 'turtle_pond' in 'src/turtle_pond'
[0.613s] INFO:colcon.colcon_core.package_selection:Skipping not selected package 'turtlesim' in 'src/ros_tutorials/turtlesim'
[0.614s] Level 1:colcon.colcon_core.package_discovery:discover_packages(prefix_path) check parameters
[0.614s] Level 1:colcon.colcon_core.package_discovery:discover_packages(prefix_path) discover
[0.621s] DEBUG:colcon.colcon_installed_package_information.package_discovery:Found 2 installed packages in /home/guilherme04/turtle_workspace/install
[0.622s] DEBUG:colcon.colcon_installed_package_information.package_discovery:Found 384 installed packages in /opt/ros/humble
[0.624s] Level 1:colcon.colcon_core.package_discovery:discover_packages(prefix_path) using defaults
[0.673s] Level 5:colcon.colcon_core.verb:set package 'turtle_sim_hw' build argument 'cmake_args' from command line to 'None'
[0.673s] Level 5:colcon.colcon_core.verb:set package 'turtle_sim_hw' build argument 'cmake_target' from command line to 'None'
[0.673s] Level 5:colcon.colcon_core.verb:set package 'turtle_sim_hw' build argument 'cmake_target_skip_unavailable' from command line to 'False'
[0.673s] Level 5:colcon.colcon_core.verb:set package 'turtle_sim_hw' build argument 'cmake_clean_cache' from command line to 'False'
[0.673s] Level 5:colcon.colcon_core.verb:set package 'turtle_sim_hw' build argument 'cmake_clean_first' from command line to 'False'
[0.673s] Level 5:colcon.colcon_core.verb:set package 'turtle_sim_hw' build argument 'cmake_force_configure' from command line to 'False'
[0.673s] Level 5:colcon.colcon_core.verb:set package 'turtle_sim_hw' build argument 'ament_cmake_args' from command line to 'None'
[0.673s] Level 5:colcon.colcon_core.verb:set package 'turtle_sim_hw' build argument 'catkin_cmake_args' from command line to 'None'
[0.673s] Level 5:colcon.colcon_core.verb:set package 'turtle_sim_hw' build argument 'catkin_skip_building_tests' from command line to 'False'
[0.673s] DEBUG:colcon.colcon_core.verb:Building package 'turtle_sim_hw' with the following arguments: {'ament_cmake_args': None, 'build_base': '/home/guilherme04/turtle_workspace/build/turtle_sim_hw', 'catkin_cmake_args': None, 'catkin_skip_building_tests': False, 'cmake_args': None, 'cmake_clean_cache': False, 'cmake_clean_first': False, 'cmake_force_configure': False, 'cmake_target': None, 'cmake_target_skip_unavailable': False, 'install_base': '/home/guilherme04/turtle_workspace/install/turtle_sim_hw', 'merge_install': False, 'path': '/home/guilherme04/turtle_workspace/src/turtle_sim_hw', 'symlink_install': True, 'test_result_base': None}
[0.674s] INFO:colcon.colcon_core.executor:Executing jobs using 'parallel' executor
[0.676s] DEBUG:colcon.colcon_parallel_executor.executor.parallel:run_until_complete
[0.676s] INFO:colcon.colcon_ros.task.ament_python.build:Building ROS package in '/home/guilherme04/turtle_workspace/src/turtle_sim_hw' with build type 'ament_python'
[0.676s] Level 1:colcon.colcon_core.shell:create_environment_hook('turtle_sim_hw', 'ament_prefix_path')
[0.696s] INFO:colcon.colcon_core.plugin_system:Skipping extension 'colcon_core.shell.bat': Not used on non-Windows systems
[0.696s] INFO:colcon.colcon_core.shell:Creating environment hook '/home/guilherme04/turtle_workspace/install/turtle_sim_hw/share/turtle_sim_hw/hook/ament_prefix_path.ps1'
[0.700s] INFO:colcon.colcon_core.shell:Creating environment descriptor '/home/guilherme04/turtle_workspace/install/turtle_sim_hw/share/turtle_sim_hw/hook/ament_prefix_path.dsv'
[0.701s] INFO:colcon.colcon_core.shell:Creating environment hook '/home/guilherme04/turtle_workspace/install/turtle_sim_hw/share/turtle_sim_hw/hook/ament_prefix_path.sh'
[0.703s] INFO:colcon.colcon_core.shell:Skip shell extension 'powershell' for command environment: Not usable outside of PowerShell
[0.703s] DEBUG:colcon.colcon_core.shell:Skip shell extension 'dsv' for command environment
[0.981s] INFO:colcon.colcon_core.task.python.build:Building Python package in '/home/guilherme04/turtle_workspace/src/turtle_sim_hw'
[0.981s] INFO:colcon.colcon_core.shell:Skip shell extension 'powershell' for command environment: Not usable outside of PowerShell
[0.981s] DEBUG:colcon.colcon_core.shell:Skip shell extension 'dsv' for command environment
[1.688s] DEBUG:colcon.colcon_core.event_handler.log_command:Invoking command in '/home/guilherme04/turtle_workspace/build/turtle_sim_hw': PYTHONPATH=/home/guilherme04/turtle_workspace/build/turtle_sim_hw/prefix_override:/home/guilherme04/turtle_workspace/install/turtle_sim_hw/lib/python3.10/site-packages:${PYTHONPATH} /usr/bin/python3 -W ignore:setup.py install is deprecated setup.py develop --editable --build-directory /home/guilherme04/turtle_workspace/build/turtle_sim_hw/build --no-deps symlink_data
[2.177s] Level 1:colcon.colcon_core.shell:create_environment_hook('turtle_sim_hw', 'pythonpath_develop')
[2.178s] INFO:colcon.colcon_core.shell:Creating environment hook '/home/guilherme04/turtle_workspace/build/turtle_sim_hw/share/turtle_sim_hw/hook/pythonpath_develop.ps1'
[2.179s] DEBUG:colcon.colcon_core.event_handler.log_command:Invoked command in '/home/guilherme04/turtle_workspace/build/turtle_sim_hw' returned '0': PYTHONPATH=/home/guilherme04/turtle_workspace/build/turtle_sim_hw/prefix_override:/home/guilherme04/turtle_workspace/install/turtle_sim_hw/lib/python3.10/site-packages:${PYTHONPATH} /usr/bin/python3 -W ignore:setup.py install is deprecated setup.py develop --editable --build-directory /home/guilherme04/turtle_workspace/build/turtle_sim_hw/build --no-deps symlink_data
[2.180s] INFO:colcon.colcon_core.shell:Creating environment descriptor '/home/guilherme04/turtle_workspace/build/turtle_sim_hw/share/turtle_sim_hw/hook/pythonpath_develop.dsv'
[2.180s] INFO:colcon.colcon_core.shell:Creating environment hook '/home/guilherme04/turtle_workspace/build/turtle_sim_hw/share/turtle_sim_hw/hook/pythonpath_develop.sh'
[2.201s] Level 1:colcon.colcon_core.environment:checking '/home/guilherme04/turtle_workspace/install/turtle_sim_hw' for CMake module files
[2.201s] Level 1:colcon.colcon_core.environment:checking '/home/guilherme04/turtle_workspace/install/turtle_sim_hw' for CMake config files
[2.203s] Level 1:colcon.colcon_core.environment:checking '/home/guilherme04/turtle_workspace/install/turtle_sim_hw/lib'
[2.203s] Level 1:colcon.colcon_core.environment:checking '/home/guilherme04/turtle_workspace/install/turtle_sim_hw/bin'
[2.203s] Level 1:colcon.colcon_core.environment:checking '/home/guilherme04/turtle_workspace/install/turtle_sim_hw/lib/pkgconfig/turtle_sim_hw.pc'
[2.203s] Level 1:colcon.colcon_core.environment:checking '/home/guilherme04/turtle_workspace/install/turtle_sim_hw/lib/python3.10/site-packages'
[2.203s] Level 1:colcon.colcon_core.shell:create_environment_hook('turtle_sim_hw', 'pythonpath')
[2.203s] INFO:colcon.colcon_core.shell:Creating environment hook '/home/guilherme04/turtle_workspace/install/turtle_sim_hw/share/turtle_sim_hw/hook/pythonpath.ps1'
[2.204s] INFO:colcon.colcon_core.shell:Creating environment descriptor '/home/guilherme04/turtle_workspace/install/turtle_sim_hw/share/turtle_sim_hw/hook/pythonpath.dsv'
[2.204s] INFO:colcon.colcon_core.shell:Creating environment hook '/home/guilherme04/turtle_workspace/install/turtle_sim_hw/share/turtle_sim_hw/hook/pythonpath.sh'
[2.205s] Level 1:colcon.colcon_core.environment:checking '/home/guilherme04/turtle_workspace/install/turtle_sim_hw/bin'
[2.205s] Level 1:colcon.colcon_core.environment:create_environment_scripts_only(turtle_sim_hw)
[2.205s] INFO:colcon.colcon_core.shell:Creating package script '/home/guilherme04/turtle_workspace/install/turtle_sim_hw/share/turtle_sim_hw/package.ps1'
[2.208s] INFO:colcon.colcon_core.shell:Creating package descriptor '/home/guilherme04/turtle_workspace/install/turtle_sim_hw/share/turtle_sim_hw/package.dsv'
[2.209s] INFO:colcon.colcon_core.shell:Creating package script '/home/guilherme04/turtle_workspace/install/turtle_sim_hw/share/turtle_sim_hw/package.sh'
[2.211s] INFO:colcon.colcon_core.shell:Creating package script '/home/guilherme04/turtle_workspace/install/turtle_sim_hw/share/turtle_sim_hw/package.bash'
[2.213s] INFO:colcon.colcon_core.shell:Creating package script '/home/guilherme04/turtle_workspace/install/turtle_sim_hw/share/turtle_sim_hw/package.zsh'
[2.215s] Level 1:colcon.colcon_core.environment:create_file_with_runtime_dependencies(/home/guilherme04/turtle_workspace/install/turtle_sim_hw/share/colcon-core/packages/turtle_sim_hw)
[2.216s] DEBUG:colcon.colcon_parallel_executor.executor.parallel:closing loop
[2.217s] DEBUG:colcon.colcon_parallel_executor.executor.parallel:loop closed
[2.217s] DEBUG:colcon.colcon_parallel_executor.executor.parallel:run_until_complete finished with '0'
[2.217s] DEBUG:colcon.colcon_core.event_reactor:joining thread
[2.347s] INFO:colcon.colcon_core.plugin_system:Skipping extension 'colcon_notification.desktop_notification.notify_send': Could not find 'notify-send'
[2.348s] INFO:colcon.colcon_core.plugin_system:Skipping extension 'colcon_notification.desktop_notification.terminal_notifier': Not used on non-Darwin systems
[2.348s] INFO:colcon.colcon_core.plugin_system:Skipping extension 'colcon_notification.desktop_notification.win32': Not used on non-Windows systems
[2.348s] INFO:colcon.colcon_notification.desktop_notification:Sending desktop notification using 'notify2'
[2.348s] DEBUG:colcon.colcon_notification.desktop_notification.notify2:Failed to initialize notify2: org.freedesktop.DBus.Error.FileNotFound: Failed to connect to socket /run/user/1000/bus: No such file or directory
[2.348s] DEBUG:colcon.colcon_core.event_reactor:joined thread
[2.349s] INFO:colcon.colcon_core.shell:Creating prefix script '/home/guilherme04/turtle_workspace/install/local_setup.ps1'
[2.371s] INFO:colcon.colcon_core.shell:Creating prefix util module '/home/guilherme04/turtle_workspace/install/_local_setup_util_ps1.py'
[2.374s] INFO:colcon.colcon_core.shell:Creating prefix chain script '/home/guilherme04/turtle_workspace/install/setup.ps1'
[2.376s] INFO:colcon.colcon_core.shell:Creating prefix script '/home/guilherme04/turtle_workspace/install/local_setup.sh'
[2.378s] INFO:colcon.colcon_core.shell:Creating prefix util module '/home/guilherme04/turtle_workspace/install/_local_setup_util_sh.py'
[2.378s] INFO:colcon.colcon_core.shell:Creating prefix chain script '/home/guilherme04/turtle_workspace/install/setup.sh'
[2.381s] INFO:colcon.colcon_core.shell:Creating prefix script '/home/guilherme04/turtle_workspace/install/local_setup.bash'
[2.382s] INFO:colcon.colcon_core.shell:Creating prefix chain script '/home/guilherme04/turtle_workspace/install/setup.bash'
[2.384s] INFO:colcon.colcon_core.shell:Creating prefix script '/home/guilherme04/turtle_workspace/install/local_setup.zsh'
[2.385s] INFO:colcon.colcon_core.shell:Creating prefix chain script '/home/guilherme04/turtle_workspace/install/setup.zsh'
