[0.440s] Invoking command in '/home/guilherme04/turtle_workspace/build/turtlesim': CMAKE_PREFIX_PATH=${CMAKE_PREFIX_PATH}:/home/guilherme04/turtle_workspace/install/turtle_pond:/opt/ros/humble /usr/bin/cmake --build /home/guilherme04/turtle_workspace/build/turtlesim -- -j8 -l8
[0.586s] [  1%] Built target turtlesim__cpp
[0.594s] [ 11%] Built target turtlesim__rosidl_generator_c
[0.604s] [ 11%] Built target ament_cmake_python_copy_turtlesim
[0.643s] [ 21%] Built target turtlesim__rosidl_typesupport_introspection_cpp
[0.645s] [ 31%] Built target turtlesim__rosidl_typesupport_cpp
[0.659s] [ 41%] Built target turtlesim__rosidl_typesupport_introspection_c
[0.659s] [ 51%] Built target turtlesim__rosidl_typesupport_fastrtps_cpp
[0.665s] [ 61%] Built target turtlesim__rosidl_typesupport_c
[0.673s] [ 71%] Built target turtlesim__rosidl_typesupport_fastrtps_c
[0.740s] [ 71%] Built target turtlesim
[0.748s] [ 77%] Built target turtlesim_node
[0.749s] [ 79%] Built target turtle_teleop_key
[0.752s] [ 81%] Built target draw_square
[0.755s] [ 83%] Built target mimic
[0.801s] [ 84%] Built target turtlesim__py
[0.859s] [ 93%] Built target turtlesim__rosidl_generator_py
[0.921s] [ 95%] Built target turtlesim__rosidl_typesupport_c__pyext
[0.925s] [ 97%] Built target turtlesim__rosidl_typesupport_fastrtps_c__pyext
[0.940s] [100%] Built target turtlesim__rosidl_typesupport_introspection_c__pyext
[1.232s] running egg_info
[1.233s] writing turtlesim.egg-info/PKG-INFO
[1.236s] writing dependency_links to turtlesim.egg-info/dependency_links.txt
[1.236s] writing top-level names to turtlesim.egg-info/top_level.txt
[1.242s] reading manifest file 'turtlesim.egg-info/SOURCES.txt'
[1.244s] writing manifest file 'turtlesim.egg-info/SOURCES.txt'
[1.307s] [100%] Built target ament_cmake_python_build_turtlesim_egg
[1.331s] Invoked command in '/home/guilherme04/turtle_workspace/build/turtlesim' returned '0': CMAKE_PREFIX_PATH=${CMAKE_PREFIX_PATH}:/home/guilherme04/turtle_workspace/install/turtle_pond:/opt/ros/humble /usr/bin/cmake --build /home/guilherme04/turtle_workspace/build/turtlesim -- -j8 -l8
[1.666s] Invoking command in '/home/guilherme04/turtle_workspace/build/turtlesim': CMAKE_PREFIX_PATH=${CMAKE_PREFIX_PATH}:/home/guilherme04/turtle_workspace/install/turtle_pond:/opt/ros/humble /usr/bin/cmake --install /home/guilherme04/turtle_workspace/build/turtlesim
[1.677s] -- Install configuration: ""
[1.678s] -- Up-to-date: /home/guilherme04/turtle_workspace/install/turtlesim/share/ament_index/resource_index/rosidl_interfaces/turtlesim
[1.678s] -- Up-to-date: /home/guilherme04/turtle_workspace/install/turtlesim/include/turtlesim/turtlesim
[1.678s] -- Up-to-date: /home/guilherme04/turtle_workspace/install/turtlesim/include/turtlesim/turtlesim/srv
[1.678s] -- Up-to-date: /home/guilherme04/turtle_workspace/install/turtlesim/include/turtlesim/turtlesim/srv/kill.h
[1.680s] -- Up-to-date: /home/guilherme04/turtle_workspace/install/turtlesim/include/turtlesim/turtlesim/srv/teleport_absolute.h
[1.680s] -- Up-to-date: /home/guilherme04/turtle_workspace/install/turtlesim/include/turtlesim/turtlesim/srv/spawn.h
[1.681s] -- Up-to-date: /home/guilherme04/turtle_workspace/install/turtlesim/include/turtlesim/turtlesim/srv/set_pen.h
[1.681s] -- Up-to-date: /home/guilherme04/turtle_workspace/install/turtlesim/include/turtlesim/turtlesim/srv/detail
[1.682s] -- Up-to-date: /home/guilherme04/turtle_workspace/install/turtlesim/include/turtlesim/turtlesim/srv/detail/teleport_absolute__functions.h
[1.682s] -- Up-to-date: /home/guilherme04/turtle_workspace/install/turtlesim/include/turtlesim/turtlesim/srv/detail/spawn__type_support.h
[1.683s] -- Up-to-date: /home/guilherme04/turtle_workspace/install/turtlesim/include/turtlesim/turtlesim/srv/detail/teleport_relative__type_support.h
[1.684s] -- Up-to-date: /home/guilherme04/turtle_workspace/install/turtlesim/include/turtlesim/turtlesim/srv/detail/teleport_absolute__type_support.h
[1.685s] -- Up-to-date: /home/guilherme04/turtle_workspace/install/turtlesim/include/turtlesim/turtlesim/srv/detail/set_pen__struct.h
[1.686s] -- Up-to-date: /home/guilherme04/turtle_workspace/install/turtlesim/include/turtlesim/turtlesim/srv/detail/kill__struct.h
[1.686s] -- Up-to-date: /home/guilherme04/turtle_workspace/install/turtlesim/include/turtlesim/turtlesim/srv/detail/teleport_relative__functions.h
[1.687s] -- Up-to-date: /home/guilherme04/turtle_workspace/install/turtlesim/include/turtlesim/turtlesim/srv/detail/teleport_absolute__functions.c
[1.687s] -- Up-to-date: /home/guilherme04/turtle_workspace/install/turtlesim/include/turtlesim/turtlesim/srv/detail/teleport_absolute__struct.h
[1.688s] -- Up-to-date: /home/guilherme04/turtle_workspace/install/turtlesim/include/turtlesim/turtlesim/srv/detail/spawn__functions.c
[1.688s] -- Up-to-date: /home/guilherme04/turtle_workspace/install/turtlesim/include/turtlesim/turtlesim/srv/detail/teleport_relative__functions.c
[1.689s] -- Up-to-date: /home/guilherme04/turtle_workspace/install/turtlesim/include/turtlesim/turtlesim/srv/detail/spawn__struct.h
[1.689s] -- Up-to-date: /home/guilherme04/turtle_workspace/install/turtlesim/include/turtlesim/turtlesim/srv/detail/teleport_relative__struct.h
[1.689s] -- Up-to-date: /home/guilherme04/turtle_workspace/install/turtlesim/include/turtlesim/turtlesim/srv/detail/kill__functions.h
[1.690s] -- Up-to-date: /home/guilherme04/turtle_workspace/install/turtlesim/include/turtlesim/turtlesim/srv/detail/kill__type_support.h
[1.690s] -- Up-to-date: /home/guilherme04/turtle_workspace/install/turtlesim/include/turtlesim/turtlesim/srv/detail/set_pen__functions.c
[1.691s] -- Up-to-date: /home/guilherme04/turtle_workspace/install/turtlesim/include/turtlesim/turtlesim/srv/detail/set_pen__type_support.h
[1.691s] -- Up-to-date: /home/guilherme04/turtle_workspace/install/turtlesim/include/turtlesim/turtlesim/srv/detail/set_pen__functions.h
[1.691s] -- Up-to-date: /home/guilherme04/turtle_workspace/install/turtlesim/include/turtlesim/turtlesim/srv/detail/spawn__functions.h
[1.691s] -- Up-to-date: /home/guilherme04/turtle_workspace/install/turtlesim/include/turtlesim/turtlesim/srv/detail/kill__functions.c
[1.691s] -- Up-to-date: /home/guilherme04/turtle_workspace/install/turtlesim/include/turtlesim/turtlesim/srv/teleport_relative.h
[1.691s] -- Up-to-date: /home/guilherme04/turtle_workspace/install/turtlesim/include/turtlesim/turtlesim/msg
[1.691s] -- Up-to-date: /home/guilherme04/turtle_workspace/install/turtlesim/include/turtlesim/turtlesim/msg/pose.h
[1.693s] -- Up-to-date: /home/guilherme04/turtle_workspace/install/turtlesim/include/turtlesim/turtlesim/msg/color.h
[1.693s] -- Up-to-date: /home/guilherme04/turtle_workspace/install/turtlesim/include/turtlesim/turtlesim/msg/rosidl_generator_c__visibility_control.h
[1.693s] -- Up-to-date: /home/guilherme04/turtle_workspace/install/turtlesim/include/turtlesim/turtlesim/msg/detail
[1.693s] -- Up-to-date: /home/guilherme04/turtle_workspace/install/turtlesim/include/turtlesim/turtlesim/msg/detail/pose__functions.h
[1.694s] -- Up-to-date: /home/guilherme04/turtle_workspace/install/turtlesim/include/turtlesim/turtlesim/msg/detail/pose__struct.h
[1.694s] -- Up-to-date: /home/guilherme04/turtle_workspace/install/turtlesim/include/turtlesim/turtlesim/msg/detail/color__struct.h
[1.694s] -- Up-to-date: /home/guilherme04/turtle_workspace/install/turtlesim/include/turtlesim/turtlesim/msg/detail/pose__functions.c
[1.695s] -- Up-to-date: /home/guilherme04/turtle_workspace/install/turtlesim/include/turtlesim/turtlesim/msg/detail/color__functions.h
[1.696s] -- Up-to-date: /home/guilherme04/turtle_workspace/install/turtlesim/include/turtlesim/turtlesim/msg/detail/color__functions.c
[1.696s] -- Up-to-date: /home/guilherme04/turtle_workspace/install/turtlesim/include/turtlesim/turtlesim/msg/detail/color__type_support.h
[1.696s] -- Up-to-date: /home/guilherme04/turtle_workspace/install/turtlesim/include/turtlesim/turtlesim/msg/detail/pose__type_support.h
[1.696s] -- Up-to-date: /home/guilherme04/turtle_workspace/install/turtlesim/include/turtlesim/turtlesim/action
[1.697s] -- Up-to-date: /home/guilherme04/turtle_workspace/install/turtlesim/include/turtlesim/turtlesim/action/rotate_absolute.h
[1.697s] -- Up-to-date: /home/guilherme04/turtle_workspace/install/turtlesim/include/turtlesim/turtlesim/action/detail
[1.697s] -- Up-to-date: /home/guilherme04/turtle_workspace/install/turtlesim/include/turtlesim/turtlesim/action/detail/rotate_absolute__functions.c
[1.697s] -- Up-to-date: /home/guilherme04/turtle_workspace/install/turtlesim/include/turtlesim/turtlesim/action/detail/rotate_absolute__type_support.h
[1.697s] -- Up-to-date: /home/guilherme04/turtle_workspace/install/turtlesim/include/turtlesim/turtlesim/action/detail/rotate_absolute__functions.h
[1.698s] -- Up-to-date: /home/guilherme04/turtle_workspace/install/turtlesim/include/turtlesim/turtlesim/action/detail/rotate_absolute__struct.h
[1.698s] -- Up-to-date: /home/guilherme04/turtle_workspace/install/turtlesim/share/turtlesim/environment/library_path.sh
[1.698s] -- Up-to-date: /home/guilherme04/turtle_workspace/install/turtlesim/share/turtlesim/environment/library_path.dsv
[1.698s] -- Up-to-date: /home/guilherme04/turtle_workspace/install/turtlesim/lib/libturtlesim__rosidl_generator_c.so
[1.699s] -- Up-to-date: /home/guilherme04/turtle_workspace/install/turtlesim/include/turtlesim/turtlesim
[1.699s] -- Up-to-date: /home/guilherme04/turtle_workspace/install/turtlesim/include/turtlesim/turtlesim/srv
[1.700s] -- Up-to-date: /home/guilherme04/turtle_workspace/install/turtlesim/include/turtlesim/turtlesim/srv/detail
[1.700s] -- Up-to-date: /home/guilherme04/turtle_workspace/install/turtlesim/include/turtlesim/turtlesim/srv/detail/spawn__rosidl_typesupport_fastrtps_c.h
[1.701s] -- Up-to-date: /home/guilherme04/turtle_workspace/install/turtlesim/include/turtlesim/turtlesim/srv/detail/teleport_relative__rosidl_typesupport_fastrtps_c.h
[1.701s] -- Up-to-date: /home/guilherme04/turtle_workspace/install/turtlesim/include/turtlesim/turtlesim/srv/detail/kill__rosidl_typesupport_fastrtps_c.h
[1.701s] -- Up-to-date: /home/guilherme04/turtle_workspace/install/turtlesim/include/turtlesim/turtlesim/srv/detail/teleport_absolute__rosidl_typesupport_fastrtps_c.h
[1.701s] -- Up-to-date: /home/guilherme04/turtle_workspace/install/turtlesim/include/turtlesim/turtlesim/srv/detail/set_pen__rosidl_typesupport_fastrtps_c.h
[1.701s] -- Up-to-date: /home/guilherme04/turtle_workspace/install/turtlesim/include/turtlesim/turtlesim/msg
[1.701s] -- Up-to-date: /home/guilherme04/turtle_workspace/install/turtlesim/include/turtlesim/turtlesim/msg/rosidl_typesupport_fastrtps_c__visibility_control.h
[1.701s] -- Up-to-date: /home/guilherme04/turtle_workspace/install/turtlesim/include/turtlesim/turtlesim/msg/detail
[1.701s] -- Up-to-date: /home/guilherme04/turtle_workspace/install/turtlesim/include/turtlesim/turtlesim/msg/detail/color__rosidl_typesupport_fastrtps_c.h
[1.702s] -- Up-to-date: /home/guilherme04/turtle_workspace/install/turtlesim/include/turtlesim/turtlesim/msg/detail/pose__rosidl_typesupport_fastrtps_c.h
[1.702s] -- Up-to-date: /home/guilherme04/turtle_workspace/install/turtlesim/include/turtlesim/turtlesim/action
[1.702s] -- Up-to-date: /home/guilherme04/turtle_workspace/install/turtlesim/include/turtlesim/turtlesim/action/detail
[1.702s] -- Up-to-date: /home/guilherme04/turtle_workspace/install/turtlesim/include/turtlesim/turtlesim/action/detail/rotate_absolute__rosidl_typesupport_fastrtps_c.h
[1.702s] -- Up-to-date: /home/guilherme04/turtle_workspace/install/turtlesim/lib/libturtlesim__rosidl_typesupport_fastrtps_c.so
[1.702s] -- Up-to-date: /home/guilherme04/turtle_workspace/install/turtlesim/include/turtlesim/turtlesim
[1.702s] -- Up-to-date: /home/guilherme04/turtle_workspace/install/turtlesim/include/turtlesim/turtlesim/srv
[1.703s] -- Up-to-date: /home/guilherme04/turtle_workspace/install/turtlesim/include/turtlesim/turtlesim/srv/teleport_relative.hpp
[1.703s] -- Up-to-date: /home/guilherme04/turtle_workspace/install/turtlesim/include/turtlesim/turtlesim/srv/set_pen.hpp
[1.703s] -- Up-to-date: /home/guilherme04/turtle_workspace/install/turtlesim/include/turtlesim/turtlesim/srv/teleport_absolute.hpp
[1.703s] -- Up-to-date: /home/guilherme04/turtle_workspace/install/turtlesim/include/turtlesim/turtlesim/srv/spawn.hpp
[1.703s] -- Up-to-date: /home/guilherme04/turtle_workspace/install/turtlesim/include/turtlesim/turtlesim/srv/kill.hpp
[1.703s] -- Up-to-date: /home/guilherme04/turtle_workspace/install/turtlesim/include/turtlesim/turtlesim/srv/detail
[1.703s] -- Up-to-date: /home/guilherme04/turtle_workspace/install/turtlesim/include/turtlesim/turtlesim/srv/detail/spawn__traits.hpp
[1.704s] -- Up-to-date: /home/guilherme04/turtle_workspace/install/turtlesim/include/turtlesim/turtlesim/srv/detail/spawn__builder.hpp
[1.704s] -- Up-to-date: /home/guilherme04/turtle_workspace/install/turtlesim/include/turtlesim/turtlesim/srv/detail/teleport_relative__struct.hpp
[1.704s] -- Up-to-date: /home/guilherme04/turtle_workspace/install/turtlesim/include/turtlesim/turtlesim/srv/detail/kill__struct.hpp
[1.704s] -- Up-to-date: /home/guilherme04/turtle_workspace/install/turtlesim/include/turtlesim/turtlesim/srv/detail/teleport_absolute__builder.hpp
[1.704s] -- Up-to-date: /home/guilherme04/turtle_workspace/install/turtlesim/include/turtlesim/turtlesim/srv/detail/teleport_absolute__traits.hpp
[1.704s] -- Up-to-date: /home/guilherme04/turtle_workspace/install/turtlesim/include/turtlesim/turtlesim/srv/detail/set_pen__struct.hpp
[1.704s] -- Up-to-date: /home/guilherme04/turtle_workspace/install/turtlesim/include/turtlesim/turtlesim/srv/detail/kill__traits.hpp
[1.704s] -- Up-to-date: /home/guilherme04/turtle_workspace/install/turtlesim/include/turtlesim/turtlesim/srv/detail/kill__builder.hpp
[1.704s] -- Up-to-date: /home/guilherme04/turtle_workspace/install/turtlesim/include/turtlesim/turtlesim/srv/detail/spawn__struct.hpp
[1.704s] -- Up-to-date: /home/guilherme04/turtle_workspace/install/turtlesim/include/turtlesim/turtlesim/srv/detail/set_pen__traits.hpp
[1.704s] -- Up-to-date: /home/guilherme04/turtle_workspace/install/turtlesim/include/turtlesim/turtlesim/srv/detail/teleport_relative__traits.hpp
[1.704s] -- Up-to-date: /home/guilherme04/turtle_workspace/install/turtlesim/include/turtlesim/turtlesim/srv/detail/teleport_relative__builder.hpp
[1.704s] -- Up-to-date: /home/guilherme04/turtle_workspace/install/turtlesim/include/turtlesim/turtlesim/srv/detail/teleport_absolute__struct.hpp
[1.704s] -- Up-to-date: /home/guilherme04/turtle_workspace/install/turtlesim/include/turtlesim/turtlesim/srv/detail/set_pen__builder.hpp
[1.705s] -- Up-to-date: /home/guilherme04/turtle_workspace/install/turtlesim/include/turtlesim/turtlesim/msg
[1.705s] -- Up-to-date: /home/guilherme04/turtle_workspace/install/turtlesim/include/turtlesim/turtlesim/msg/pose.hpp
[1.705s] -- Up-to-date: /home/guilherme04/turtle_workspace/install/turtlesim/include/turtlesim/turtlesim/msg/detail
[1.705s] -- Up-to-date: /home/guilherme04/turtle_workspace/install/turtlesim/include/turtlesim/turtlesim/msg/detail/pose__traits.hpp
[1.705s] -- Up-to-date: /home/guilherme04/turtle_workspace/install/turtlesim/include/turtlesim/turtlesim/msg/detail/pose__builder.hpp
[1.705s] -- Up-to-date: /home/guilherme04/turtle_workspace/install/turtlesim/include/turtlesim/turtlesim/msg/detail/color__struct.hpp
[1.705s] -- Up-to-date: /home/guilherme04/turtle_workspace/install/turtlesim/include/turtlesim/turtlesim/msg/detail/color__traits.hpp
[1.705s] -- Up-to-date: /home/guilherme04/turtle_workspace/install/turtlesim/include/turtlesim/turtlesim/msg/detail/pose__struct.hpp
[1.705s] -- Up-to-date: /home/guilherme04/turtle_workspace/install/turtlesim/include/turtlesim/turtlesim/msg/detail/color__builder.hpp
[1.705s] -- Up-to-date: /home/guilherme04/turtle_workspace/install/turtlesim/include/turtlesim/turtlesim/msg/color.hpp
[1.705s] -- Up-to-date: /home/guilherme04/turtle_workspace/install/turtlesim/include/turtlesim/turtlesim/action
[1.705s] -- Up-to-date: /home/guilherme04/turtle_workspace/install/turtlesim/include/turtlesim/turtlesim/action/rotate_absolute.hpp
[1.705s] -- Up-to-date: /home/guilherme04/turtle_workspace/install/turtlesim/include/turtlesim/turtlesim/action/detail
[1.705s] -- Up-to-date: /home/guilherme04/turtle_workspace/install/turtlesim/include/turtlesim/turtlesim/action/detail/rotate_absolute__traits.hpp
[1.705s] -- Up-to-date: /home/guilherme04/turtle_workspace/install/turtlesim/include/turtlesim/turtlesim/action/detail/rotate_absolute__struct.hpp
[1.705s] -- Up-to-date: /home/guilherme04/turtle_workspace/install/turtlesim/include/turtlesim/turtlesim/action/detail/rotate_absolute__builder.hpp
[1.705s] -- Up-to-date: /home/guilherme04/turtle_workspace/install/turtlesim/include/turtlesim/turtlesim
[1.706s] -- Up-to-date: /home/guilherme04/turtle_workspace/install/turtlesim/include/turtlesim/turtlesim/srv
[1.706s] -- Up-to-date: /home/guilherme04/turtle_workspace/install/turtlesim/include/turtlesim/turtlesim/srv/detail
[1.706s] -- Up-to-date: /home/guilherme04/turtle_workspace/install/turtlesim/include/turtlesim/turtlesim/srv/detail/spawn__rosidl_typesupport_fastrtps_cpp.hpp
[1.706s] -- Up-to-date: /home/guilherme04/turtle_workspace/install/turtlesim/include/turtlesim/turtlesim/srv/detail/teleport_relative__rosidl_typesupport_fastrtps_cpp.hpp
[1.706s] -- Up-to-date: /home/guilherme04/turtle_workspace/install/turtlesim/include/turtlesim/turtlesim/srv/detail/teleport_absolute__rosidl_typesupport_fastrtps_cpp.hpp
[1.706s] -- Up-to-date: /home/guilherme04/turtle_workspace/install/turtlesim/include/turtlesim/turtlesim/srv/detail/dds_fastrtps
[1.706s] -- Up-to-date: /home/guilherme04/turtle_workspace/install/turtlesim/include/turtlesim/turtlesim/srv/detail/set_pen__rosidl_typesupport_fastrtps_cpp.hpp
[1.706s] -- Up-to-date: /home/guilherme04/turtle_workspace/install/turtlesim/include/turtlesim/turtlesim/srv/detail/kill__rosidl_typesupport_fastrtps_cpp.hpp
[1.706s] -- Up-to-date: /home/guilherme04/turtle_workspace/install/turtlesim/include/turtlesim/turtlesim/msg
[1.706s] -- Up-to-date: /home/guilherme04/turtle_workspace/install/turtlesim/include/turtlesim/turtlesim/msg/rosidl_typesupport_fastrtps_cpp__visibility_control.h
[1.706s] -- Up-to-date: /home/guilherme04/turtle_workspace/install/turtlesim/include/turtlesim/turtlesim/msg/detail
[1.706s] -- Up-to-date: /home/guilherme04/turtle_workspace/install/turtlesim/include/turtlesim/turtlesim/msg/detail/pose__rosidl_typesupport_fastrtps_cpp.hpp
[1.706s] -- Up-to-date: /home/guilherme04/turtle_workspace/install/turtlesim/include/turtlesim/turtlesim/msg/detail/dds_fastrtps
[1.706s] -- Up-to-date: /home/guilherme04/turtle_workspace/install/turtlesim/include/turtlesim/turtlesim/msg/detail/color__rosidl_typesupport_fastrtps_cpp.hpp
[1.706s] -- Up-to-date: /home/guilherme04/turtle_workspace/install/turtlesim/include/turtlesim/turtlesim/action
[1.706s] -- Up-to-date: /home/guilherme04/turtle_workspace/install/turtlesim/include/turtlesim/turtlesim/action/detail
[1.706s] -- Up-to-date: /home/guilherme04/turtle_workspace/install/turtlesim/include/turtlesim/turtlesim/action/detail/rotate_absolute__rosidl_typesupport_fastrtps_cpp.hpp
[1.707s] -- Up-to-date: /home/guilherme04/turtle_workspace/install/turtlesim/include/turtlesim/turtlesim/action/detail/dds_fastrtps
[1.707s] -- Up-to-date: /home/guilherme04/turtle_workspace/install/turtlesim/lib/libturtlesim__rosidl_typesupport_fastrtps_cpp.so
[1.707s] -- Up-to-date: /home/guilherme04/turtle_workspace/install/turtlesim/include/turtlesim/turtlesim
[1.707s] -- Up-to-date: /home/guilherme04/turtle_workspace/install/turtlesim/include/turtlesim/turtlesim/srv
[1.707s] -- Up-to-date: /home/guilherme04/turtle_workspace/install/turtlesim/include/turtlesim/turtlesim/srv/detail
[1.707s] -- Up-to-date: /home/guilherme04/turtle_workspace/install/turtlesim/include/turtlesim/turtlesim/srv/detail/set_pen__type_support.c
[1.707s] -- Up-to-date: /home/guilherme04/turtle_workspace/install/turtlesim/include/turtlesim/turtlesim/srv/detail/kill__rosidl_typesupport_introspection_c.h
[1.707s] -- Up-to-date: /home/guilherme04/turtle_workspace/install/turtlesim/include/turtlesim/turtlesim/srv/detail/teleport_absolute__rosidl_typesupport_introspection_c.h
[1.707s] -- Up-to-date: /home/guilherme04/turtle_workspace/install/turtlesim/include/turtlesim/turtlesim/srv/detail/spawn__type_support.c
[1.707s] -- Up-to-date: /home/guilherme04/turtle_workspace/install/turtlesim/include/turtlesim/turtlesim/srv/detail/set_pen__rosidl_typesupport_introspection_c.h
[1.707s] -- Up-to-date: /home/guilherme04/turtle_workspace/install/turtlesim/include/turtlesim/turtlesim/srv/detail/teleport_absolute__type_support.c
[1.707s] -- Up-to-date: /home/guilherme04/turtle_workspace/install/turtlesim/include/turtlesim/turtlesim/srv/detail/teleport_relative__type_support.c
[1.707s] -- Up-to-date: /home/guilherme04/turtle_workspace/install/turtlesim/include/turtlesim/turtlesim/srv/detail/spawn__rosidl_typesupport_introspection_c.h
[1.707s] -- Up-to-date: /home/guilherme04/turtle_workspace/install/turtlesim/include/turtlesim/turtlesim/srv/detail/teleport_relative__rosidl_typesupport_introspection_c.h
[1.707s] -- Up-to-date: /home/guilherme04/turtle_workspace/install/turtlesim/include/turtlesim/turtlesim/srv/detail/kill__type_support.c
[1.707s] -- Up-to-date: /home/guilherme04/turtle_workspace/install/turtlesim/include/turtlesim/turtlesim/msg
[1.707s] -- Up-to-date: /home/guilherme04/turtle_workspace/install/turtlesim/include/turtlesim/turtlesim/msg/rosidl_typesupport_introspection_c__visibility_control.h
[1.707s] -- Up-to-date: /home/guilherme04/turtle_workspace/install/turtlesim/include/turtlesim/turtlesim/msg/detail
[1.708s] -- Up-to-date: /home/guilherme04/turtle_workspace/install/turtlesim/include/turtlesim/turtlesim/msg/detail/color__type_support.c
[1.708s] -- Up-to-date: /home/guilherme04/turtle_workspace/install/turtlesim/include/turtlesim/turtlesim/msg/detail/pose__rosidl_typesupport_introspection_c.h
[1.708s] -- Up-to-date: /home/guilherme04/turtle_workspace/install/turtlesim/include/turtlesim/turtlesim/msg/detail/color__rosidl_typesupport_introspection_c.h
[1.708s] -- Up-to-date: /home/guilherme04/turtle_workspace/install/turtlesim/include/turtlesim/turtlesim/msg/detail/pose__type_support.c
[1.708s] -- Up-to-date: /home/guilherme04/turtle_workspace/install/turtlesim/include/turtlesim/turtlesim/action
[1.708s] -- Up-to-date: /home/guilherme04/turtle_workspace/install/turtlesim/include/turtlesim/turtlesim/action/detail
[1.708s] -- Up-to-date: /home/guilherme04/turtle_workspace/install/turtlesim/include/turtlesim/turtlesim/action/detail/rotate_absolute__type_support.c
[1.708s] -- Up-to-date: /home/guilherme04/turtle_workspace/install/turtlesim/include/turtlesim/turtlesim/action/detail/rotate_absolute__rosidl_typesupport_introspection_c.h
[1.708s] -- Up-to-date: /home/guilherme04/turtle_workspace/install/turtlesim/lib/libturtlesim__rosidl_typesupport_introspection_c.so
[1.708s] -- Up-to-date: /home/guilherme04/turtle_workspace/install/turtlesim/lib/libturtlesim__rosidl_typesupport_c.so
[1.708s] -- Up-to-date: /home/guilherme04/turtle_workspace/install/turtlesim/include/turtlesim/turtlesim
[1.708s] -- Up-to-date: /home/guilherme04/turtle_workspace/install/turtlesim/include/turtlesim/turtlesim/srv
[1.708s] -- Up-to-date: /home/guilherme04/turtle_workspace/install/turtlesim/include/turtlesim/turtlesim/srv/detail
[1.708s] -- Up-to-date: /home/guilherme04/turtle_workspace/install/turtlesim/include/turtlesim/turtlesim/srv/detail/kill__type_support.cpp
[1.709s] -- Up-to-date: /home/guilherme04/turtle_workspace/install/turtlesim/include/turtlesim/turtlesim/srv/detail/set_pen__type_support.cpp
[1.709s] -- Up-to-date: /home/guilherme04/turtle_workspace/install/turtlesim/include/turtlesim/turtlesim/srv/detail/spawn__type_support.cpp
[1.709s] -- Up-to-date: /home/guilherme04/turtle_workspace/install/turtlesim/include/turtlesim/turtlesim/srv/detail/teleport_relative__type_support.cpp
[1.709s] -- Up-to-date: /home/guilherme04/turtle_workspace/install/turtlesim/include/turtlesim/turtlesim/srv/detail/teleport_absolute__type_support.cpp
[1.709s] -- Up-to-date: /home/guilherme04/turtle_workspace/install/turtlesim/include/turtlesim/turtlesim/srv/detail/teleport_absolute__rosidl_typesupport_introspection_cpp.hpp
[1.709s] -- Up-to-date: /home/guilherme04/turtle_workspace/install/turtlesim/include/turtlesim/turtlesim/srv/detail/set_pen__rosidl_typesupport_introspection_cpp.hpp
[1.709s] -- Up-to-date: /home/guilherme04/turtle_workspace/install/turtlesim/include/turtlesim/turtlesim/srv/detail/kill__rosidl_typesupport_introspection_cpp.hpp
[1.709s] -- Up-to-date: /home/guilherme04/turtle_workspace/install/turtlesim/include/turtlesim/turtlesim/srv/detail/spawn__rosidl_typesupport_introspection_cpp.hpp
[1.709s] -- Up-to-date: /home/guilherme04/turtle_workspace/install/turtlesim/include/turtlesim/turtlesim/srv/detail/teleport_relative__rosidl_typesupport_introspection_cpp.hpp
[1.709s] -- Up-to-date: /home/guilherme04/turtle_workspace/install/turtlesim/include/turtlesim/turtlesim/msg
[1.709s] -- Up-to-date: /home/guilherme04/turtle_workspace/install/turtlesim/include/turtlesim/turtlesim/msg/detail
[1.710s] -- Up-to-date: /home/guilherme04/turtle_workspace/install/turtlesim/include/turtlesim/turtlesim/msg/detail/color__rosidl_typesupport_introspection_cpp.hpp
[1.710s] -- Up-to-date: /home/guilherme04/turtle_workspace/install/turtlesim/include/turtlesim/turtlesim/msg/detail/pose__rosidl_typesupport_introspection_cpp.hpp
[1.710s] -- Up-to-date: /home/guilherme04/turtle_workspace/install/turtlesim/include/turtlesim/turtlesim/msg/detail/color__type_support.cpp
[1.710s] -- Up-to-date: /home/guilherme04/turtle_workspace/install/turtlesim/include/turtlesim/turtlesim/msg/detail/pose__type_support.cpp
[1.710s] -- Up-to-date: /home/guilherme04/turtle_workspace/install/turtlesim/include/turtlesim/turtlesim/action
[1.710s] -- Up-to-date: /home/guilherme04/turtle_workspace/install/turtlesim/include/turtlesim/turtlesim/action/detail
[1.710s] -- Up-to-date: /home/guilherme04/turtle_workspace/install/turtlesim/include/turtlesim/turtlesim/action/detail/rotate_absolute__rosidl_typesupport_introspection_cpp.hpp
[1.710s] -- Up-to-date: /home/guilherme04/turtle_workspace/install/turtlesim/include/turtlesim/turtlesim/action/detail/rotate_absolute__type_support.cpp
[1.710s] -- Up-to-date: /home/guilherme04/turtle_workspace/install/turtlesim/lib/libturtlesim__rosidl_typesupport_introspection_cpp.so
[1.710s] -- Up-to-date: /home/guilherme04/turtle_workspace/install/turtlesim/lib/libturtlesim__rosidl_typesupport_cpp.so
[1.710s] -- Up-to-date: /home/guilherme04/turtle_workspace/install/turtlesim/share/turtlesim/environment/pythonpath.sh
[1.710s] -- Up-to-date: /home/guilherme04/turtle_workspace/install/turtlesim/share/turtlesim/environment/pythonpath.dsv
[1.710s] -- Up-to-date: /home/guilherme04/turtle_workspace/install/turtlesim/local/lib/python3.10/dist-packages/turtlesim-1.4.2-py3.10.egg-info
[1.710s] -- Installing: /home/guilherme04/turtle_workspace/install/turtlesim/local/lib/python3.10/dist-packages/turtlesim-1.4.2-py3.10.egg-info/top_level.txt
[1.710s] -- Installing: /home/guilherme04/turtle_workspace/install/turtlesim/local/lib/python3.10/dist-packages/turtlesim-1.4.2-py3.10.egg-info/dependency_links.txt
[1.711s] -- Installing: /home/guilherme04/turtle_workspace/install/turtlesim/local/lib/python3.10/dist-packages/turtlesim-1.4.2-py3.10.egg-info/SOURCES.txt
[1.711s] -- Installing: /home/guilherme04/turtle_workspace/install/turtlesim/local/lib/python3.10/dist-packages/turtlesim-1.4.2-py3.10.egg-info/PKG-INFO
[1.711s] -- Up-to-date: /home/guilherme04/turtle_workspace/install/turtlesim/local/lib/python3.10/dist-packages/turtlesim
[1.711s] -- Up-to-date: /home/guilherme04/turtle_workspace/install/turtlesim/local/lib/python3.10/dist-packages/turtlesim/srv
[1.711s] -- Up-to-date: /home/guilherme04/turtle_workspace/install/turtlesim/local/lib/python3.10/dist-packages/turtlesim/srv/_spawn.py
[1.711s] -- Up-to-date: /home/guilherme04/turtle_workspace/install/turtlesim/local/lib/python3.10/dist-packages/turtlesim/srv/_spawn_s.c
[1.711s] -- Up-to-date: /home/guilherme04/turtle_workspace/install/turtlesim/local/lib/python3.10/dist-packages/turtlesim/srv/_teleport_absolute_s.c
[1.711s] -- Up-to-date: /home/guilherme04/turtle_workspace/install/turtlesim/local/lib/python3.10/dist-packages/turtlesim/srv/_set_pen_s.c
[1.711s] -- Up-to-date: /home/guilherme04/turtle_workspace/install/turtlesim/local/lib/python3.10/dist-packages/turtlesim/srv/_teleport_relative.py
[1.711s] -- Up-to-date: /home/guilherme04/turtle_workspace/install/turtlesim/local/lib/python3.10/dist-packages/turtlesim/srv/_teleport_relative_s.c
[1.711s] -- Up-to-date: /home/guilherme04/turtle_workspace/install/turtlesim/local/lib/python3.10/dist-packages/turtlesim/srv/_kill_s.c
[1.711s] -- Up-to-date: /home/guilherme04/turtle_workspace/install/turtlesim/local/lib/python3.10/dist-packages/turtlesim/srv/_kill.py
[1.711s] -- Up-to-date: /home/guilherme04/turtle_workspace/install/turtlesim/local/lib/python3.10/dist-packages/turtlesim/srv/_set_pen.py
[1.711s] -- Up-to-date: /home/guilherme04/turtle_workspace/install/turtlesim/local/lib/python3.10/dist-packages/turtlesim/srv/_teleport_absolute.py
[1.711s] -- Up-to-date: /home/guilherme04/turtle_workspace/install/turtlesim/local/lib/python3.10/dist-packages/turtlesim/srv/__init__.py
[1.711s] -- Up-to-date: /home/guilherme04/turtle_workspace/install/turtlesim/local/lib/python3.10/dist-packages/turtlesim/turtlesim_s__rosidl_typesupport_introspection_c.cpython-310-x86_64-linux-gnu.so
[1.711s] -- Up-to-date: /home/guilherme04/turtle_workspace/install/turtlesim/local/lib/python3.10/dist-packages/turtlesim/_turtlesim_s.ep.rosidl_typesupport_c.c
[1.712s] -- Up-to-date: /home/guilherme04/turtle_workspace/install/turtlesim/local/lib/python3.10/dist-packages/turtlesim/_turtlesim_s.ep.rosidl_typesupport_introspection_c.c
[1.712s] -- Up-to-date: /home/guilherme04/turtle_workspace/install/turtlesim/local/lib/python3.10/dist-packages/turtlesim/_turtlesim_s.ep.rosidl_typesupport_fastrtps_c.c
[1.712s] -- Up-to-date: /home/guilherme04/turtle_workspace/install/turtlesim/local/lib/python3.10/dist-packages/turtlesim/libturtlesim__rosidl_generator_py.so
[1.712s] -- Up-to-date: /home/guilherme04/turtle_workspace/install/turtlesim/local/lib/python3.10/dist-packages/turtlesim/msg
[1.712s] -- Up-to-date: /home/guilherme04/turtle_workspace/install/turtlesim/local/lib/python3.10/dist-packages/turtlesim/msg/_pose_s.c
[1.712s] -- Up-to-date: /home/guilherme04/turtle_workspace/install/turtlesim/local/lib/python3.10/dist-packages/turtlesim/msg/_color.py
[1.712s] -- Up-to-date: /home/guilherme04/turtle_workspace/install/turtlesim/local/lib/python3.10/dist-packages/turtlesim/msg/_pose.py
[1.712s] -- Up-to-date: /home/guilherme04/turtle_workspace/install/turtlesim/local/lib/python3.10/dist-packages/turtlesim/msg/_color_s.c
[1.712s] -- Up-to-date: /home/guilherme04/turtle_workspace/install/turtlesim/local/lib/python3.10/dist-packages/turtlesim/msg/__init__.py
[1.712s] -- Up-to-date: /home/guilherme04/turtle_workspace/install/turtlesim/local/lib/python3.10/dist-packages/turtlesim/turtlesim_s__rosidl_typesupport_fastrtps_c.cpython-310-x86_64-linux-gnu.so
[1.712s] -- Up-to-date: /home/guilherme04/turtle_workspace/install/turtlesim/local/lib/python3.10/dist-packages/turtlesim/turtlesim_s__rosidl_typesupport_c.cpython-310-x86_64-linux-gnu.so
[1.712s] -- Up-to-date: /home/guilherme04/turtle_workspace/install/turtlesim/local/lib/python3.10/dist-packages/turtlesim/__init__.py
[1.712s] -- Up-to-date: /home/guilherme04/turtle_workspace/install/turtlesim/local/lib/python3.10/dist-packages/turtlesim/action
[1.712s] -- Up-to-date: /home/guilherme04/turtle_workspace/install/turtlesim/local/lib/python3.10/dist-packages/turtlesim/action/_rotate_absolute.py
[1.712s] -- Up-to-date: /home/guilherme04/turtle_workspace/install/turtlesim/local/lib/python3.10/dist-packages/turtlesim/action/_rotate_absolute_s.c
[1.712s] -- Up-to-date: /home/guilherme04/turtle_workspace/install/turtlesim/local/lib/python3.10/dist-packages/turtlesim/action/__init__.py
[1.741s] Listing '/home/guilherme04/turtle_workspace/install/turtlesim/local/lib/python3.10/dist-packages/turtlesim'...
[1.741s] Listing '/home/guilherme04/turtle_workspace/install/turtlesim/local/lib/python3.10/dist-packages/turtlesim/action'...
[1.741s] Listing '/home/guilherme04/turtle_workspace/install/turtlesim/local/lib/python3.10/dist-packages/turtlesim/msg'...
[1.741s] Listing '/home/guilherme04/turtle_workspace/install/turtlesim/local/lib/python3.10/dist-packages/turtlesim/srv'...
[1.747s] -- Up-to-date: /home/guilherme04/turtle_workspace/install/turtlesim/local/lib/python3.10/dist-packages/turtlesim/turtlesim_s__rosidl_typesupport_fastrtps_c.cpython-310-x86_64-linux-gnu.so
[1.747s] -- Up-to-date: /home/guilherme04/turtle_workspace/install/turtlesim/local/lib/python3.10/dist-packages/turtlesim/turtlesim_s__rosidl_typesupport_introspection_c.cpython-310-x86_64-linux-gnu.so
[1.748s] -- Up-to-date: /home/guilherme04/turtle_workspace/install/turtlesim/local/lib/python3.10/dist-packages/turtlesim/turtlesim_s__rosidl_typesupport_c.cpython-310-x86_64-linux-gnu.so
[1.748s] -- Up-to-date: /home/guilherme04/turtle_workspace/install/turtlesim/lib/libturtlesim__rosidl_generator_py.so
[1.748s] -- Up-to-date: /home/guilherme04/turtle_workspace/install/turtlesim/share/turtlesim/action/RotateAbsolute.idl
[1.749s] -- Up-to-date: /home/guilherme04/turtle_workspace/install/turtlesim/share/turtlesim/msg/Color.idl
[1.749s] -- Up-to-date: /home/guilherme04/turtle_workspace/install/turtlesim/share/turtlesim/msg/Pose.idl
[1.749s] -- Up-to-date: /home/guilherme04/turtle_workspace/install/turtlesim/share/turtlesim/srv/Kill.idl
[1.750s] -- Up-to-date: /home/guilherme04/turtle_workspace/install/turtlesim/share/turtlesim/srv/SetPen.idl
[1.750s] -- Up-to-date: /home/guilherme04/turtle_workspace/install/turtlesim/share/turtlesim/srv/Spawn.idl
[1.750s] -- Up-to-date: /home/guilherme04/turtle_workspace/install/turtlesim/share/turtlesim/srv/TeleportAbsolute.idl
[1.750s] -- Up-to-date: /home/guilherme04/turtle_workspace/install/turtlesim/share/turtlesim/srv/TeleportRelative.idl
[1.751s] -- Up-to-date: /home/guilherme04/turtle_workspace/install/turtlesim/share/turtlesim/action/RotateAbsolute.action
[1.751s] -- Up-to-date: /home/guilherme04/turtle_workspace/install/turtlesim/share/turtlesim/msg/Color.msg
[1.751s] -- Up-to-date: /home/guilherme04/turtle_workspace/install/turtlesim/share/turtlesim/msg/Pose.msg
[1.751s] -- Up-to-date: /home/guilherme04/turtle_workspace/install/turtlesim/share/turtlesim/srv/Kill.srv
[1.752s] -- Up-to-date: /home/guilherme04/turtle_workspace/install/turtlesim/share/turtlesim/srv/Kill_Request.msg
[1.752s] -- Up-to-date: /home/guilherme04/turtle_workspace/install/turtlesim/share/turtlesim/srv/Kill_Response.msg
[1.752s] -- Up-to-date: /home/guilherme04/turtle_workspace/install/turtlesim/share/turtlesim/srv/SetPen.srv
[1.752s] -- Up-to-date: /home/guilherme04/turtle_workspace/install/turtlesim/share/turtlesim/srv/SetPen_Request.msg
[1.752s] -- Up-to-date: /home/guilherme04/turtle_workspace/install/turtlesim/share/turtlesim/srv/SetPen_Response.msg
[1.752s] -- Up-to-date: /home/guilherme04/turtle_workspace/install/turtlesim/share/turtlesim/srv/Spawn.srv
[1.752s] -- Up-to-date: /home/guilherme04/turtle_workspace/install/turtlesim/share/turtlesim/srv/Spawn_Request.msg
[1.753s] -- Up-to-date: /home/guilherme04/turtle_workspace/install/turtlesim/share/turtlesim/srv/Spawn_Response.msg
[1.753s] -- Up-to-date: /home/guilherme04/turtle_workspace/install/turtlesim/share/turtlesim/srv/TeleportAbsolute.srv
[1.753s] -- Up-to-date: /home/guilherme04/turtle_workspace/install/turtlesim/share/turtlesim/srv/TeleportAbsolute_Request.msg
[1.754s] -- Up-to-date: /home/guilherme04/turtle_workspace/install/turtlesim/share/turtlesim/srv/TeleportAbsolute_Response.msg
[1.754s] -- Up-to-date: /home/guilherme04/turtle_workspace/install/turtlesim/share/turtlesim/srv/TeleportRelative.srv
[1.754s] -- Up-to-date: /home/guilherme04/turtle_workspace/install/turtlesim/share/turtlesim/srv/TeleportRelative_Request.msg
[1.755s] -- Up-to-date: /home/guilherme04/turtle_workspace/install/turtlesim/share/turtlesim/srv/TeleportRelative_Response.msg
[1.755s] -- Up-to-date: /home/guilherme04/turtle_workspace/install/turtlesim/lib/turtlesim/turtlesim_node
[1.756s] -- Up-to-date: /home/guilherme04/turtle_workspace/install/turtlesim/lib/turtlesim/turtle_teleop_key
[1.756s] -- Up-to-date: /home/guilherme04/turtle_workspace/install/turtlesim/lib/turtlesim/draw_square
[1.756s] -- Up-to-date: /home/guilherme04/turtle_workspace/install/turtlesim/lib/turtlesim/mimic
[1.757s] -- Up-to-date: /home/guilherme04/turtle_workspace/install/turtlesim/share/turtlesim/images
[1.757s] -- Up-to-date: /home/guilherme04/turtle_workspace/install/turtlesim/share/turtlesim/images/humble.png
[1.757s] -- Up-to-date: /home/guilherme04/turtle_workspace/install/turtlesim/share/turtlesim/images/bouncy.png
[1.758s] -- Up-to-date: /home/guilherme04/turtle_workspace/install/turtlesim/share/turtlesim/images/dashing.png
[1.758s] -- Up-to-date: /home/guilherme04/turtle_workspace/install/turtlesim/share/turtlesim/images/ardent.png
[1.758s] -- Up-to-date: /home/guilherme04/turtle_workspace/install/turtlesim/share/turtlesim/images/foxy.png
[1.759s] -- Up-to-date: /home/guilherme04/turtle_workspace/install/turtlesim/share/turtlesim/images/rolling.png
[1.759s] -- Up-to-date: /home/guilherme04/turtle_workspace/install/turtlesim/share/turtlesim/images/crystal.png
[1.759s] -- Up-to-date: /home/guilherme04/turtle_workspace/install/turtlesim/share/turtlesim/images/eloquent.png
[1.760s] -- Up-to-date: /home/guilherme04/turtle_workspace/install/turtlesim/share/turtlesim/images/galactic.png
[1.760s] -- Up-to-date: /home/guilherme04/turtle_workspace/install/turtlesim/share/turtlesim/launch
[1.760s] -- Up-to-date: /home/guilherme04/turtle_workspace/install/turtlesim/share/turtlesim/launch/multisim.launch.py
[1.761s] -- Up-to-date: /home/guilherme04/turtle_workspace/install/turtlesim/share/ament_index/resource_index/package_run_dependencies/turtlesim
[1.761s] -- Up-to-date: /home/guilherme04/turtle_workspace/install/turtlesim/share/ament_index/resource_index/parent_prefix_path/turtlesim
[1.762s] -- Up-to-date: /home/guilherme04/turtle_workspace/install/turtlesim/share/turtlesim/environment/ament_prefix_path.sh
[1.763s] -- Up-to-date: /home/guilherme04/turtle_workspace/install/turtlesim/share/turtlesim/environment/ament_prefix_path.dsv
[1.764s] -- Up-to-date: /home/guilherme04/turtle_workspace/install/turtlesim/share/turtlesim/environment/path.sh
[1.764s] -- Up-to-date: /home/guilherme04/turtle_workspace/install/turtlesim/share/turtlesim/environment/path.dsv
[1.764s] -- Up-to-date: /home/guilherme04/turtle_workspace/install/turtlesim/share/turtlesim/local_setup.bash
[1.765s] -- Up-to-date: /home/guilherme04/turtle_workspace/install/turtlesim/share/turtlesim/local_setup.sh
[1.765s] -- Up-to-date: /home/guilherme04/turtle_workspace/install/turtlesim/share/turtlesim/local_setup.zsh
[1.765s] -- Up-to-date: /home/guilherme04/turtle_workspace/install/turtlesim/share/turtlesim/local_setup.dsv
[1.766s] -- Installing: /home/guilherme04/turtle_workspace/install/turtlesim/share/turtlesim/package.dsv
[1.766s] -- Up-to-date: /home/guilherme04/turtle_workspace/install/turtlesim/share/ament_index/resource_index/packages/turtlesim
[1.766s] -- Up-to-date: /home/guilherme04/turtle_workspace/install/turtlesim/share/turtlesim/cmake/export_turtlesim__rosidl_generator_cExport.cmake
[1.767s] -- Up-to-date: /home/guilherme04/turtle_workspace/install/turtlesim/share/turtlesim/cmake/export_turtlesim__rosidl_generator_cExport-noconfig.cmake
[1.767s] -- Up-to-date: /home/guilherme04/turtle_workspace/install/turtlesim/share/turtlesim/cmake/export_turtlesim__rosidl_typesupport_fastrtps_cExport.cmake
[1.767s] -- Up-to-date: /home/guilherme04/turtle_workspace/install/turtlesim/share/turtlesim/cmake/export_turtlesim__rosidl_typesupport_fastrtps_cExport-noconfig.cmake
[1.767s] -- Up-to-date: /home/guilherme04/turtle_workspace/install/turtlesim/share/turtlesim/cmake/export_turtlesim__rosidl_generator_cppExport.cmake
[1.767s] -- Up-to-date: /home/guilherme04/turtle_workspace/install/turtlesim/share/turtlesim/cmake/export_turtlesim__rosidl_typesupport_fastrtps_cppExport.cmake
[1.768s] -- Up-to-date: /home/guilherme04/turtle_workspace/install/turtlesim/share/turtlesim/cmake/export_turtlesim__rosidl_typesupport_fastrtps_cppExport-noconfig.cmake
[1.768s] -- Up-to-date: /home/guilherme04/turtle_workspace/install/turtlesim/share/turtlesim/cmake/turtlesim__rosidl_typesupport_introspection_cExport.cmake
[1.768s] -- Up-to-date: /home/guilherme04/turtle_workspace/install/turtlesim/share/turtlesim/cmake/turtlesim__rosidl_typesupport_introspection_cExport-noconfig.cmake
[1.768s] -- Up-to-date: /home/guilherme04/turtle_workspace/install/turtlesim/share/turtlesim/cmake/turtlesim__rosidl_typesupport_cExport.cmake
[1.768s] -- Up-to-date: /home/guilherme04/turtle_workspace/install/turtlesim/share/turtlesim/cmake/turtlesim__rosidl_typesupport_cExport-noconfig.cmake
[1.769s] -- Up-to-date: /home/guilherme04/turtle_workspace/install/turtlesim/share/turtlesim/cmake/turtlesim__rosidl_typesupport_introspection_cppExport.cmake
[1.769s] -- Up-to-date: /home/guilherme04/turtle_workspace/install/turtlesim/share/turtlesim/cmake/turtlesim__rosidl_typesupport_introspection_cppExport-noconfig.cmake
[1.769s] -- Up-to-date: /home/guilherme04/turtle_workspace/install/turtlesim/share/turtlesim/cmake/turtlesim__rosidl_typesupport_cppExport.cmake
[1.769s] -- Up-to-date: /home/guilherme04/turtle_workspace/install/turtlesim/share/turtlesim/cmake/turtlesim__rosidl_typesupport_cppExport-noconfig.cmake
[1.769s] -- Up-to-date: /home/guilherme04/turtle_workspace/install/turtlesim/share/turtlesim/cmake/export_turtlesim__rosidl_generator_pyExport.cmake
[1.770s] -- Up-to-date: /home/guilherme04/turtle_workspace/install/turtlesim/share/turtlesim/cmake/export_turtlesim__rosidl_generator_pyExport-noconfig.cmake
[1.770s] -- Up-to-date: /home/guilherme04/turtle_workspace/install/turtlesim/share/turtlesim/cmake/rosidl_cmake-extras.cmake
[1.770s] -- Up-to-date: /home/guilherme04/turtle_workspace/install/turtlesim/share/turtlesim/cmake/ament_cmake_export_dependencies-extras.cmake
[1.770s] -- Up-to-date: /home/guilherme04/turtle_workspace/install/turtlesim/share/turtlesim/cmake/ament_cmake_export_include_directories-extras.cmake
[1.771s] -- Up-to-date: /home/guilherme04/turtle_workspace/install/turtlesim/share/turtlesim/cmake/ament_cmake_export_libraries-extras.cmake
[1.771s] -- Up-to-date: /home/guilherme04/turtle_workspace/install/turtlesim/share/turtlesim/cmake/ament_cmake_export_targets-extras.cmake
[1.772s] -- Up-to-date: /home/guilherme04/turtle_workspace/install/turtlesim/share/turtlesim/cmake/rosidl_cmake_export_typesupport_targets-extras.cmake
[1.774s] -- Up-to-date: /home/guilherme04/turtle_workspace/install/turtlesim/share/turtlesim/cmake/rosidl_cmake_export_typesupport_libraries-extras.cmake
[1.774s] -- Up-to-date: /home/guilherme04/turtle_workspace/install/turtlesim/share/turtlesim/cmake/turtlesimConfig.cmake
[1.774s] -- Up-to-date: /home/guilherme04/turtle_workspace/install/turtlesim/share/turtlesim/cmake/turtlesimConfig-version.cmake
[1.774s] -- Up-to-date: /home/guilherme04/turtle_workspace/install/turtlesim/share/turtlesim/package.xml
[1.775s] Invoked command in '/home/guilherme04/turtle_workspace/build/turtlesim' returned '0': CMAKE_PREFIX_PATH=${CMAKE_PREFIX_PATH}:/home/guilherme04/turtle_workspace/install/turtle_pond:/opt/ros/humble /usr/bin/cmake --install /home/guilherme04/turtle_workspace/build/turtlesim
