[0.674s] Invoking command in '/home/guilherme04/turtle_workspace/src/turtle_pond': PYTHONPATH=/home/guilherme04/turtle_workspace/build/turtle_pond/prefix_override:/home/guilherme04/turtle_workspace/install/turtle_pond/lib/python3.10/site-packages:${PYTHONPATH} /usr/bin/python3 -W ignore:setup.py install is deprecated setup.py egg_info --egg-base ../../build/turtle_pond build --build-base /home/guilherme04/turtle_workspace/build/turtle_pond/build install --record /home/guilherme04/turtle_workspace/build/turtle_pond/install.log --single-version-externally-managed install_data
[0.944s] running egg_info
[0.944s] writing ../../build/turtle_pond/turtle_pond.egg-info/PKG-INFO
[0.944s] writing dependency_links to ../../build/turtle_pond/turtle_pond.egg-info/dependency_links.txt
[0.944s] writing entry points to ../../build/turtle_pond/turtle_pond.egg-info/entry_points.txt
[0.944s] writing requirements to ../../build/turtle_pond/turtle_pond.egg-info/requires.txt
[0.944s] writing top-level names to ../../build/turtle_pond/turtle_pond.egg-info/top_level.txt
[0.944s] reading manifest file '../../build/turtle_pond/turtle_pond.egg-info/SOURCES.txt'
[0.944s] writing manifest file '../../build/turtle_pond/turtle_pond.egg-info/SOURCES.txt'
[0.944s] running build
[0.944s] running build_py
[0.944s] running install
[0.944s] running install_lib
[0.945s] running install_data
[0.945s] running install_egg_info
[0.945s] removing '/home/guilherme04/turtle_workspace/install/turtle_pond/lib/python3.10/site-packages/turtle_pond-0.0.0-py3.10.egg-info' (and everything under it)
[0.945s] Copying ../../build/turtle_pond/turtle_pond.egg-info to /home/guilherme04/turtle_workspace/install/turtle_pond/lib/python3.10/site-packages/turtle_pond-0.0.0-py3.10.egg-info
[0.945s] running install_scripts
[0.961s] Installing turtle script to /home/guilherme04/turtle_workspace/install/turtle_pond/lib/turtle_pond
[0.962s] writing list of installed files to '/home/guilherme04/turtle_workspace/build/turtle_pond/install.log'
[1.005s] Invoked command in '/home/guilherme04/turtle_workspace/src/turtle_pond' returned '0': PYTHONPATH=/home/guilherme04/turtle_workspace/build/turtle_pond/prefix_override:/home/guilherme04/turtle_workspace/install/turtle_pond/lib/python3.10/site-packages:${PYTHONPATH} /usr/bin/python3 -W ignore:setup.py install is deprecated setup.py egg_info --egg-base ../../build/turtle_pond build --build-base /home/guilherme04/turtle_workspace/build/turtle_pond/build install --record /home/guilherme04/turtle_workspace/build/turtle_pond/install.log --single-version-externally-managed install_data
