[0.326s] Invoking command in '/home/guilherme04/turtle_workspace/build/turtlesim': CMAKE_PREFIX_PATH=${CMAKE_PREFIX_PATH}:/home/guilherme04/meu_workspace/install/ola_mundo:/home/guilherme04/meu_workspace/install/my_package:/opt/ros/humble /usr/bin/cmake --build /home/guilherme04/turtle_workspace/build/turtlesim -- -j8 -l8
[0.488s] [  1%] Built target turtlesim__cpp
[0.489s] [35m[1mConsolidate compiler generated dependencies of target turtlesim__rosidl_generator_c[0m
[0.500s] [  1%] Built target ament_cmake_python_copy_turtlesim
[0.508s] [ 11%] Built target turtlesim__rosidl_generator_c
[0.518s] [35m[1mConsolidate compiler generated dependencies of target turtlesim__rosidl_typesupport_introspection_cpp[0m
[0.519s] [35m[1mConsolidate compiler generated dependencies of target turtlesim__rosidl_typesupport_cpp[0m
[0.520s] [35m[1mConsolidate compiler generated dependencies of target turtlesim__rosidl_typesupport_fastrtps_cpp[0m
[0.545s] [35m[1mConsolidate compiler generated dependencies of target turtlesim__rosidl_typesupport_fastrtps_c[0m
[0.545s] [35m[1mConsolidate compiler generated dependencies of target turtlesim__rosidl_typesupport_introspection_c[0m
[0.557s] [35m[1mConsolidate compiler generated dependencies of target turtlesim__rosidl_typesupport_c[0m
[0.561s] [ 21%] Built target turtlesim__rosidl_typesupport_cpp
[0.564s] [ 31%] Built target turtlesim__rosidl_typesupport_introspection_cpp
[0.569s] [ 41%] Built target turtlesim__rosidl_typesupport_introspection_c
[0.569s] [ 51%] Built target turtlesim__rosidl_typesupport_fastrtps_cpp
[0.577s] [ 61%] Built target turtlesim__rosidl_typesupport_c
[0.581s] [ 71%] Built target turtlesim__rosidl_typesupport_fastrtps_c
[0.585s] [35m[1mConsolidate compiler generated dependencies of target turtle_teleop_key[0m
[0.587s] [35m[1mConsolidate compiler generated dependencies of target draw_square[0m
[0.588s] [35m[1mConsolidate compiler generated dependencies of target turtlesim_node[0m
[0.601s] [35m[1mConsolidate compiler generated dependencies of target mimic[0m
[0.660s] [ 71%] Built target turtlesim
[0.692s] [ 72%] Built target turtlesim__py
[0.693s] [ 76%] Built target mimic
[0.693s] [ 76%] Built target draw_square
[0.696s] [ 81%] Built target turtle_teleop_key
[0.697s] [ 84%] Built target turtlesim_node
[0.714s] [35m[1mConsolidate compiler generated dependencies of target turtlesim__rosidl_generator_py[0m
[0.732s] [ 93%] Built target turtlesim__rosidl_generator_py
[0.745s] [35m[1mConsolidate compiler generated dependencies of target turtlesim__rosidl_typesupport_introspection_c__pyext[0m
[0.746s] [35m[1mConsolidate compiler generated dependencies of target turtlesim__rosidl_typesupport_c__pyext[0m
[0.752s] [35m[1mConsolidate compiler generated dependencies of target turtlesim__rosidl_typesupport_fastrtps_c__pyext[0m
[0.765s] [ 95%] Built target turtlesim__rosidl_typesupport_introspection_c__pyext
[0.765s] [ 97%] Built target turtlesim__rosidl_typesupport_c__pyext
[0.767s] [100%] Built target turtlesim__rosidl_typesupport_fastrtps_c__pyext
[0.891s] running egg_info
[0.891s] writing turtlesim.egg-info/PKG-INFO
[0.892s] writing dependency_links to turtlesim.egg-info/dependency_links.txt
[0.892s] writing top-level names to turtlesim.egg-info/top_level.txt
[0.895s] reading manifest file 'turtlesim.egg-info/SOURCES.txt'
[0.895s] writing manifest file 'turtlesim.egg-info/SOURCES.txt'
[0.933s] [100%] Built target ament_cmake_python_build_turtlesim_egg
[0.950s] Invoked command in '/home/guilherme04/turtle_workspace/build/turtlesim' returned '0': CMAKE_PREFIX_PATH=${CMAKE_PREFIX_PATH}:/home/guilherme04/meu_workspace/install/ola_mundo:/home/guilherme04/meu_workspace/install/my_package:/opt/ros/humble /usr/bin/cmake --build /home/guilherme04/turtle_workspace/build/turtlesim -- -j8 -l8
[1.217s] Invoking command in '/home/guilherme04/turtle_workspace/build/turtlesim': CMAKE_PREFIX_PATH=${CMAKE_PREFIX_PATH}:/home/guilherme04/meu_workspace/install/ola_mundo:/home/guilherme04/meu_workspace/install/my_package:/opt/ros/humble /usr/bin/cmake --install /home/guilherme04/turtle_workspace/build/turtlesim
[1.225s] -- Install configuration: ""
[1.226s] -- Up-to-date: /home/guilherme04/turtle_workspace/install/turtlesim/share/ament_index/resource_index/rosidl_interfaces/turtlesim
[1.226s] -- Up-to-date: /home/guilherme04/turtle_workspace/install/turtlesim/include/turtlesim/turtlesim
[1.226s] -- Up-to-date: /home/guilherme04/turtle_workspace/install/turtlesim/include/turtlesim/turtlesim/srv
[1.226s] -- Up-to-date: /home/guilherme04/turtle_workspace/install/turtlesim/include/turtlesim/turtlesim/srv/kill.h
[1.227s] -- Up-to-date: /home/guilherme04/turtle_workspace/install/turtlesim/include/turtlesim/turtlesim/srv/teleport_absolute.h
[1.228s] -- Up-to-date: /home/guilherme04/turtle_workspace/install/turtlesim/include/turtlesim/turtlesim/srv/spawn.h
[1.228s] -- Up-to-date: /home/guilherme04/turtle_workspace/install/turtlesim/include/turtlesim/turtlesim/srv/set_pen.h
[1.229s] -- Up-to-date: /home/guilherme04/turtle_workspace/install/turtlesim/include/turtlesim/turtlesim/srv/detail
[1.229s] -- Up-to-date: /home/guilherme04/turtle_workspace/install/turtlesim/include/turtlesim/turtlesim/srv/detail/teleport_absolute__functions.h
[1.230s] -- Up-to-date: /home/guilherme04/turtle_workspace/install/turtlesim/include/turtlesim/turtlesim/srv/detail/spawn__type_support.h
[1.231s] -- Up-to-date: /home/guilherme04/turtle_workspace/install/turtlesim/include/turtlesim/turtlesim/srv/detail/teleport_relative__type_support.h
[1.231s] -- Up-to-date: /home/guilherme04/turtle_workspace/install/turtlesim/include/turtlesim/turtlesim/srv/detail/teleport_absolute__type_support.h
[1.231s] -- Up-to-date: /home/guilherme04/turtle_workspace/install/turtlesim/include/turtlesim/turtlesim/srv/detail/set_pen__struct.h
[1.231s] -- Up-to-date: /home/guilherme04/turtle_workspace/install/turtlesim/include/turtlesim/turtlesim/srv/detail/kill__struct.h
[1.232s] -- Up-to-date: /home/guilherme04/turtle_workspace/install/turtlesim/include/turtlesim/turtlesim/srv/detail/teleport_relative__functions.h
[1.232s] -- Up-to-date: /home/guilherme04/turtle_workspace/install/turtlesim/include/turtlesim/turtlesim/srv/detail/teleport_absolute__functions.c
[1.232s] -- Up-to-date: /home/guilherme04/turtle_workspace/install/turtlesim/include/turtlesim/turtlesim/srv/detail/teleport_absolute__struct.h
[1.232s] -- Up-to-date: /home/guilherme04/turtle_workspace/install/turtlesim/include/turtlesim/turtlesim/srv/detail/spawn__functions.c
[1.233s] -- Up-to-date: /home/guilherme04/turtle_workspace/install/turtlesim/include/turtlesim/turtlesim/srv/detail/teleport_relative__functions.c
[1.233s] -- Up-to-date: /home/guilherme04/turtle_workspace/install/turtlesim/include/turtlesim/turtlesim/srv/detail/spawn__struct.h
[1.234s] -- Up-to-date: /home/guilherme04/turtle_workspace/install/turtlesim/include/turtlesim/turtlesim/srv/detail/teleport_relative__struct.h
[1.234s] -- Up-to-date: /home/guilherme04/turtle_workspace/install/turtlesim/include/turtlesim/turtlesim/srv/detail/kill__functions.h
[1.234s] -- Up-to-date: /home/guilherme04/turtle_workspace/install/turtlesim/include/turtlesim/turtlesim/srv/detail/kill__type_support.h
[1.234s] -- Up-to-date: /home/guilherme04/turtle_workspace/install/turtlesim/include/turtlesim/turtlesim/srv/detail/set_pen__functions.c
[1.235s] -- Up-to-date: /home/guilherme04/turtle_workspace/install/turtlesim/include/turtlesim/turtlesim/srv/detail/set_pen__type_support.h
[1.235s] -- Up-to-date: /home/guilherme04/turtle_workspace/install/turtlesim/include/turtlesim/turtlesim/srv/detail/set_pen__functions.h
[1.235s] -- Up-to-date: /home/guilherme04/turtle_workspace/install/turtlesim/include/turtlesim/turtlesim/srv/detail/spawn__functions.h
[1.235s] -- Up-to-date: /home/guilherme04/turtle_workspace/install/turtlesim/include/turtlesim/turtlesim/srv/detail/kill__functions.c
[1.236s] -- Up-to-date: /home/guilherme04/turtle_workspace/install/turtlesim/include/turtlesim/turtlesim/srv/teleport_relative.h
[1.236s] -- Up-to-date: /home/guilherme04/turtle_workspace/install/turtlesim/include/turtlesim/turtlesim/msg
[1.236s] -- Up-to-date: /home/guilherme04/turtle_workspace/install/turtlesim/include/turtlesim/turtlesim/msg/pose.h
[1.237s] -- Up-to-date: /home/guilherme04/turtle_workspace/install/turtlesim/include/turtlesim/turtlesim/msg/color.h
[1.237s] -- Up-to-date: /home/guilherme04/turtle_workspace/install/turtlesim/include/turtlesim/turtlesim/msg/rosidl_generator_c__visibility_control.h
[1.237s] -- Up-to-date: /home/guilherme04/turtle_workspace/install/turtlesim/include/turtlesim/turtlesim/msg/detail
[1.238s] -- Up-to-date: /home/guilherme04/turtle_workspace/install/turtlesim/include/turtlesim/turtlesim/msg/detail/pose__functions.h
[1.238s] -- Up-to-date: /home/guilherme04/turtle_workspace/install/turtlesim/include/turtlesim/turtlesim/msg/detail/pose__struct.h
[1.238s] -- Up-to-date: /home/guilherme04/turtle_workspace/install/turtlesim/include/turtlesim/turtlesim/msg/detail/color__struct.h
[1.239s] -- Up-to-date: /home/guilherme04/turtle_workspace/install/turtlesim/include/turtlesim/turtlesim/msg/detail/pose__functions.c
[1.239s] -- Up-to-date: /home/guilherme04/turtle_workspace/install/turtlesim/include/turtlesim/turtlesim/msg/detail/color__functions.h
[1.239s] -- Up-to-date: /home/guilherme04/turtle_workspace/install/turtlesim/include/turtlesim/turtlesim/msg/detail/color__functions.c
[1.239s] -- Up-to-date: /home/guilherme04/turtle_workspace/install/turtlesim/include/turtlesim/turtlesim/msg/detail/color__type_support.h
[1.240s] -- Up-to-date: /home/guilherme04/turtle_workspace/install/turtlesim/include/turtlesim/turtlesim/msg/detail/pose__type_support.h
[1.240s] -- Up-to-date: /home/guilherme04/turtle_workspace/install/turtlesim/include/turtlesim/turtlesim/action
[1.240s] -- Up-to-date: /home/guilherme04/turtle_workspace/install/turtlesim/include/turtlesim/turtlesim/action/rotate_absolute.h
[1.240s] -- Up-to-date: /home/guilherme04/turtle_workspace/install/turtlesim/include/turtlesim/turtlesim/action/detail
[1.240s] -- Up-to-date: /home/guilherme04/turtle_workspace/install/turtlesim/include/turtlesim/turtlesim/action/detail/rotate_absolute__functions.c
[1.240s] -- Up-to-date: /home/guilherme04/turtle_workspace/install/turtlesim/include/turtlesim/turtlesim/action/detail/rotate_absolute__type_support.h
[1.240s] -- Up-to-date: /home/guilherme04/turtle_workspace/install/turtlesim/include/turtlesim/turtlesim/action/detail/rotate_absolute__functions.h
[1.240s] -- Up-to-date: /home/guilherme04/turtle_workspace/install/turtlesim/include/turtlesim/turtlesim/action/detail/rotate_absolute__struct.h
[1.241s] -- Up-to-date: /home/guilherme04/turtle_workspace/install/turtlesim/share/turtlesim/environment/library_path.sh
[1.241s] -- Up-to-date: /home/guilherme04/turtle_workspace/install/turtlesim/share/turtlesim/environment/library_path.dsv
[1.241s] -- Up-to-date: /home/guilherme04/turtle_workspace/install/turtlesim/lib/libturtlesim__rosidl_generator_c.so
[1.241s] -- Up-to-date: /home/guilherme04/turtle_workspace/install/turtlesim/include/turtlesim/turtlesim
[1.241s] -- Up-to-date: /home/guilherme04/turtle_workspace/install/turtlesim/include/turtlesim/turtlesim/srv
[1.241s] -- Up-to-date: /home/guilherme04/turtle_workspace/install/turtlesim/include/turtlesim/turtlesim/srv/detail
[1.241s] -- Up-to-date: /home/guilherme04/turtle_workspace/install/turtlesim/include/turtlesim/turtlesim/srv/detail/spawn__rosidl_typesupport_fastrtps_c.h
[1.241s] -- Up-to-date: /home/guilherme04/turtle_workspace/install/turtlesim/include/turtlesim/turtlesim/srv/detail/teleport_relative__rosidl_typesupport_fastrtps_c.h
[1.241s] -- Up-to-date: /home/guilherme04/turtle_workspace/install/turtlesim/include/turtlesim/turtlesim/srv/detail/kill__rosidl_typesupport_fastrtps_c.h
[1.241s] -- Up-to-date: /home/guilherme04/turtle_workspace/install/turtlesim/include/turtlesim/turtlesim/srv/detail/teleport_absolute__rosidl_typesupport_fastrtps_c.h
[1.242s] -- Up-to-date: /home/guilherme04/turtle_workspace/install/turtlesim/include/turtlesim/turtlesim/srv/detail/set_pen__rosidl_typesupport_fastrtps_c.h
[1.242s] -- Up-to-date: /home/guilherme04/turtle_workspace/install/turtlesim/include/turtlesim/turtlesim/msg
[1.242s] -- Up-to-date: /home/guilherme04/turtle_workspace/install/turtlesim/include/turtlesim/turtlesim/msg/rosidl_typesupport_fastrtps_c__visibility_control.h
[1.242s] -- Up-to-date: /home/guilherme04/turtle_workspace/install/turtlesim/include/turtlesim/turtlesim/msg/detail
[1.242s] -- Up-to-date: /home/guilherme04/turtle_workspace/install/turtlesim/include/turtlesim/turtlesim/msg/detail/color__rosidl_typesupport_fastrtps_c.h
[1.243s] -- Up-to-date: /home/guilherme04/turtle_workspace/install/turtlesim/include/turtlesim/turtlesim/msg/detail/pose__rosidl_typesupport_fastrtps_c.h
[1.243s] -- Up-to-date: /home/guilherme04/turtle_workspace/install/turtlesim/include/turtlesim/turtlesim/action
[1.243s] -- Up-to-date: /home/guilherme04/turtle_workspace/install/turtlesim/include/turtlesim/turtlesim/action/detail
[1.243s] -- Up-to-date: /home/guilherme04/turtle_workspace/install/turtlesim/include/turtlesim/turtlesim/action/detail/rotate_absolute__rosidl_typesupport_fastrtps_c.h
[1.244s] -- Up-to-date: /home/guilherme04/turtle_workspace/install/turtlesim/lib/libturtlesim__rosidl_typesupport_fastrtps_c.so
[1.244s] -- Up-to-date: /home/guilherme04/turtle_workspace/install/turtlesim/include/turtlesim/turtlesim
[1.244s] -- Up-to-date: /home/guilherme04/turtle_workspace/install/turtlesim/include/turtlesim/turtlesim/srv
[1.244s] -- Up-to-date: /home/guilherme04/turtle_workspace/install/turtlesim/include/turtlesim/turtlesim/srv/teleport_relative.hpp
[1.245s] -- Up-to-date: /home/guilherme04/turtle_workspace/install/turtlesim/include/turtlesim/turtlesim/srv/set_pen.hpp
[1.245s] -- Up-to-date: /home/guilherme04/turtle_workspace/install/turtlesim/include/turtlesim/turtlesim/srv/teleport_absolute.hpp
[1.245s] -- Up-to-date: /home/guilherme04/turtle_workspace/install/turtlesim/include/turtlesim/turtlesim/srv/spawn.hpp
[1.245s] -- Up-to-date: /home/guilherme04/turtle_workspace/install/turtlesim/include/turtlesim/turtlesim/srv/kill.hpp
[1.246s] -- Up-to-date: /home/guilherme04/turtle_workspace/install/turtlesim/include/turtlesim/turtlesim/srv/detail
[1.246s] -- Up-to-date: /home/guilherme04/turtle_workspace/install/turtlesim/include/turtlesim/turtlesim/srv/detail/spawn__traits.hpp
[1.246s] -- Up-to-date: /home/guilherme04/turtle_workspace/install/turtlesim/include/turtlesim/turtlesim/srv/detail/spawn__builder.hpp
[1.246s] -- Up-to-date: /home/guilherme04/turtle_workspace/install/turtlesim/include/turtlesim/turtlesim/srv/detail/teleport_relative__struct.hpp
[1.246s] -- Up-to-date: /home/guilherme04/turtle_workspace/install/turtlesim/include/turtlesim/turtlesim/srv/detail/kill__struct.hpp
[1.247s] -- Up-to-date: /home/guilherme04/turtle_workspace/install/turtlesim/include/turtlesim/turtlesim/srv/detail/teleport_absolute__builder.hpp
[1.247s] -- Up-to-date: /home/guilherme04/turtle_workspace/install/turtlesim/include/turtlesim/turtlesim/srv/detail/teleport_absolute__traits.hpp
[1.247s] -- Up-to-date: /home/guilherme04/turtle_workspace/install/turtlesim/include/turtlesim/turtlesim/srv/detail/set_pen__struct.hpp
[1.247s] -- Up-to-date: /home/guilherme04/turtle_workspace/install/turtlesim/include/turtlesim/turtlesim/srv/detail/kill__traits.hpp
[1.247s] -- Up-to-date: /home/guilherme04/turtle_workspace/install/turtlesim/include/turtlesim/turtlesim/srv/detail/kill__builder.hpp
[1.248s] -- Up-to-date: /home/guilherme04/turtle_workspace/install/turtlesim/include/turtlesim/turtlesim/srv/detail/spawn__struct.hpp
[1.248s] -- Up-to-date: /home/guilherme04/turtle_workspace/install/turtlesim/include/turtlesim/turtlesim/srv/detail/set_pen__traits.hpp
[1.248s] -- Up-to-date: /home/guilherme04/turtle_workspace/install/turtlesim/include/turtlesim/turtlesim/srv/detail/teleport_relative__traits.hpp
[1.249s] -- Up-to-date: /home/guilherme04/turtle_workspace/install/turtlesim/include/turtlesim/turtlesim/srv/detail/teleport_relative__builder.hpp
[1.249s] -- Up-to-date: /home/guilherme04/turtle_workspace/install/turtlesim/include/turtlesim/turtlesim/srv/detail/teleport_absolute__struct.hpp
[1.249s] -- Up-to-date: /home/guilherme04/turtle_workspace/install/turtlesim/include/turtlesim/turtlesim/srv/detail/set_pen__builder.hpp
[1.249s] -- Up-to-date: /home/guilherme04/turtle_workspace/install/turtlesim/include/turtlesim/turtlesim/msg
[1.249s] -- Up-to-date: /home/guilherme04/turtle_workspace/install/turtlesim/include/turtlesim/turtlesim/msg/pose.hpp
[1.249s] -- Up-to-date: /home/guilherme04/turtle_workspace/install/turtlesim/include/turtlesim/turtlesim/msg/detail
[1.249s] -- Up-to-date: /home/guilherme04/turtle_workspace/install/turtlesim/include/turtlesim/turtlesim/msg/detail/pose__traits.hpp
[1.249s] -- Up-to-date: /home/guilherme04/turtle_workspace/install/turtlesim/include/turtlesim/turtlesim/msg/detail/pose__builder.hpp
[1.249s] -- Up-to-date: /home/guilherme04/turtle_workspace/install/turtlesim/include/turtlesim/turtlesim/msg/detail/color__struct.hpp
[1.249s] -- Up-to-date: /home/guilherme04/turtle_workspace/install/turtlesim/include/turtlesim/turtlesim/msg/detail/color__traits.hpp
[1.249s] -- Up-to-date: /home/guilherme04/turtle_workspace/install/turtlesim/include/turtlesim/turtlesim/msg/detail/pose__struct.hpp
[1.249s] -- Up-to-date: /home/guilherme04/turtle_workspace/install/turtlesim/include/turtlesim/turtlesim/msg/detail/color__builder.hpp
[1.249s] -- Up-to-date: /home/guilherme04/turtle_workspace/install/turtlesim/include/turtlesim/turtlesim/msg/color.hpp
[1.249s] -- Up-to-date: /home/guilherme04/turtle_workspace/install/turtlesim/include/turtlesim/turtlesim/action
[1.249s] -- Up-to-date: /home/guilherme04/turtle_workspace/install/turtlesim/include/turtlesim/turtlesim/action/rotate_absolute.hpp
[1.250s] -- Up-to-date: /home/guilherme04/turtle_workspace/install/turtlesim/include/turtlesim/turtlesim/action/detail
[1.250s] -- Up-to-date: /home/guilherme04/turtle_workspace/install/turtlesim/include/turtlesim/turtlesim/action/detail/rotate_absolute__traits.hpp
[1.250s] -- Up-to-date: /home/guilherme04/turtle_workspace/install/turtlesim/include/turtlesim/turtlesim/action/detail/rotate_absolute__struct.hpp
[1.250s] -- Up-to-date: /home/guilherme04/turtle_workspace/install/turtlesim/include/turtlesim/turtlesim/action/detail/rotate_absolute__builder.hpp
[1.250s] -- Up-to-date: /home/guilherme04/turtle_workspace/install/turtlesim/include/turtlesim/turtlesim
[1.250s] -- Up-to-date: /home/guilherme04/turtle_workspace/install/turtlesim/include/turtlesim/turtlesim/srv
[1.251s] -- Up-to-date: /home/guilherme04/turtle_workspace/install/turtlesim/include/turtlesim/turtlesim/srv/detail
[1.251s] -- Up-to-date: /home/guilherme04/turtle_workspace/install/turtlesim/include/turtlesim/turtlesim/srv/detail/spawn__rosidl_typesupport_fastrtps_cpp.hpp
[1.251s] -- Up-to-date: /home/guilherme04/turtle_workspace/install/turtlesim/include/turtlesim/turtlesim/srv/detail/teleport_relative__rosidl_typesupport_fastrtps_cpp.hpp
[1.251s] -- Up-to-date: /home/guilherme04/turtle_workspace/install/turtlesim/include/turtlesim/turtlesim/srv/detail/teleport_absolute__rosidl_typesupport_fastrtps_cpp.hpp
[1.251s] -- Up-to-date: /home/guilherme04/turtle_workspace/install/turtlesim/include/turtlesim/turtlesim/srv/detail/dds_fastrtps
[1.251s] -- Up-to-date: /home/guilherme04/turtle_workspace/install/turtlesim/include/turtlesim/turtlesim/srv/detail/set_pen__rosidl_typesupport_fastrtps_cpp.hpp
[1.251s] -- Up-to-date: /home/guilherme04/turtle_workspace/install/turtlesim/include/turtlesim/turtlesim/srv/detail/kill__rosidl_typesupport_fastrtps_cpp.hpp
[1.251s] -- Up-to-date: /home/guilherme04/turtle_workspace/install/turtlesim/include/turtlesim/turtlesim/msg
[1.251s] -- Up-to-date: /home/guilherme04/turtle_workspace/install/turtlesim/include/turtlesim/turtlesim/msg/rosidl_typesupport_fastrtps_cpp__visibility_control.h
[1.251s] -- Up-to-date: /home/guilherme04/turtle_workspace/install/turtlesim/include/turtlesim/turtlesim/msg/detail
[1.251s] -- Up-to-date: /home/guilherme04/turtle_workspace/install/turtlesim/include/turtlesim/turtlesim/msg/detail/pose__rosidl_typesupport_fastrtps_cpp.hpp
[1.252s] -- Up-to-date: /home/guilherme04/turtle_workspace/install/turtlesim/include/turtlesim/turtlesim/msg/detail/dds_fastrtps
[1.252s] -- Up-to-date: /home/guilherme04/turtle_workspace/install/turtlesim/include/turtlesim/turtlesim/msg/detail/color__rosidl_typesupport_fastrtps_cpp.hpp
[1.252s] -- Up-to-date: /home/guilherme04/turtle_workspace/install/turtlesim/include/turtlesim/turtlesim/action
[1.252s] -- Up-to-date: /home/guilherme04/turtle_workspace/install/turtlesim/include/turtlesim/turtlesim/action/detail
[1.252s] -- Up-to-date: /home/guilherme04/turtle_workspace/install/turtlesim/include/turtlesim/turtlesim/action/detail/rotate_absolute__rosidl_typesupport_fastrtps_cpp.hpp
[1.252s] -- Up-to-date: /home/guilherme04/turtle_workspace/install/turtlesim/include/turtlesim/turtlesim/action/detail/dds_fastrtps
[1.252s] -- Up-to-date: /home/guilherme04/turtle_workspace/install/turtlesim/lib/libturtlesim__rosidl_typesupport_fastrtps_cpp.so
[1.252s] -- Up-to-date: /home/guilherme04/turtle_workspace/install/turtlesim/include/turtlesim/turtlesim
[1.252s] -- Up-to-date: /home/guilherme04/turtle_workspace/install/turtlesim/include/turtlesim/turtlesim/srv
[1.252s] -- Up-to-date: /home/guilherme04/turtle_workspace/install/turtlesim/include/turtlesim/turtlesim/srv/detail
[1.252s] -- Up-to-date: /home/guilherme04/turtle_workspace/install/turtlesim/include/turtlesim/turtlesim/srv/detail/set_pen__type_support.c
[1.252s] -- Up-to-date: /home/guilherme04/turtle_workspace/install/turtlesim/include/turtlesim/turtlesim/srv/detail/kill__rosidl_typesupport_introspection_c.h
[1.252s] -- Up-to-date: /home/guilherme04/turtle_workspace/install/turtlesim/include/turtlesim/turtlesim/srv/detail/teleport_absolute__rosidl_typesupport_introspection_c.h
[1.253s] -- Up-to-date: /home/guilherme04/turtle_workspace/install/turtlesim/include/turtlesim/turtlesim/srv/detail/spawn__type_support.c
[1.253s] -- Up-to-date: /home/guilherme04/turtle_workspace/install/turtlesim/include/turtlesim/turtlesim/srv/detail/set_pen__rosidl_typesupport_introspection_c.h
[1.253s] -- Up-to-date: /home/guilherme04/turtle_workspace/install/turtlesim/include/turtlesim/turtlesim/srv/detail/teleport_absolute__type_support.c
[1.253s] -- Up-to-date: /home/guilherme04/turtle_workspace/install/turtlesim/include/turtlesim/turtlesim/srv/detail/teleport_relative__type_support.c
[1.253s] -- Up-to-date: /home/guilherme04/turtle_workspace/install/turtlesim/include/turtlesim/turtlesim/srv/detail/spawn__rosidl_typesupport_introspection_c.h
[1.253s] -- Up-to-date: /home/guilherme04/turtle_workspace/install/turtlesim/include/turtlesim/turtlesim/srv/detail/teleport_relative__rosidl_typesupport_introspection_c.h
[1.253s] -- Up-to-date: /home/guilherme04/turtle_workspace/install/turtlesim/include/turtlesim/turtlesim/srv/detail/kill__type_support.c
[1.253s] -- Up-to-date: /home/guilherme04/turtle_workspace/install/turtlesim/include/turtlesim/turtlesim/msg
[1.253s] -- Up-to-date: /home/guilherme04/turtle_workspace/install/turtlesim/include/turtlesim/turtlesim/msg/rosidl_typesupport_introspection_c__visibility_control.h
[1.253s] -- Up-to-date: /home/guilherme04/turtle_workspace/install/turtlesim/include/turtlesim/turtlesim/msg/detail
[1.253s] -- Up-to-date: /home/guilherme04/turtle_workspace/install/turtlesim/include/turtlesim/turtlesim/msg/detail/color__type_support.c
[1.253s] -- Up-to-date: /home/guilherme04/turtle_workspace/install/turtlesim/include/turtlesim/turtlesim/msg/detail/pose__rosidl_typesupport_introspection_c.h
[1.253s] -- Up-to-date: /home/guilherme04/turtle_workspace/install/turtlesim/include/turtlesim/turtlesim/msg/detail/color__rosidl_typesupport_introspection_c.h
[1.253s] -- Up-to-date: /home/guilherme04/turtle_workspace/install/turtlesim/include/turtlesim/turtlesim/msg/detail/pose__type_support.c
[1.253s] -- Up-to-date: /home/guilherme04/turtle_workspace/install/turtlesim/include/turtlesim/turtlesim/action
[1.254s] -- Up-to-date: /home/guilherme04/turtle_workspace/install/turtlesim/include/turtlesim/turtlesim/action/detail
[1.254s] -- Up-to-date: /home/guilherme04/turtle_workspace/install/turtlesim/include/turtlesim/turtlesim/action/detail/rotate_absolute__type_support.c
[1.254s] -- Up-to-date: /home/guilherme04/turtle_workspace/install/turtlesim/include/turtlesim/turtlesim/action/detail/rotate_absolute__rosidl_typesupport_introspection_c.h
[1.254s] -- Up-to-date: /home/guilherme04/turtle_workspace/install/turtlesim/lib/libturtlesim__rosidl_typesupport_introspection_c.so
[1.254s] -- Up-to-date: /home/guilherme04/turtle_workspace/install/turtlesim/lib/libturtlesim__rosidl_typesupport_c.so
[1.254s] -- Up-to-date: /home/guilherme04/turtle_workspace/install/turtlesim/include/turtlesim/turtlesim
[1.254s] -- Up-to-date: /home/guilherme04/turtle_workspace/install/turtlesim/include/turtlesim/turtlesim/srv
[1.254s] -- Up-to-date: /home/guilherme04/turtle_workspace/install/turtlesim/include/turtlesim/turtlesim/srv/detail
[1.254s] -- Up-to-date: /home/guilherme04/turtle_workspace/install/turtlesim/include/turtlesim/turtlesim/srv/detail/kill__type_support.cpp
[1.254s] -- Up-to-date: /home/guilherme04/turtle_workspace/install/turtlesim/include/turtlesim/turtlesim/srv/detail/set_pen__type_support.cpp
[1.254s] -- Up-to-date: /home/guilherme04/turtle_workspace/install/turtlesim/include/turtlesim/turtlesim/srv/detail/spawn__type_support.cpp
[1.254s] -- Up-to-date: /home/guilherme04/turtle_workspace/install/turtlesim/include/turtlesim/turtlesim/srv/detail/teleport_relative__type_support.cpp
[1.254s] -- Up-to-date: /home/guilherme04/turtle_workspace/install/turtlesim/include/turtlesim/turtlesim/srv/detail/teleport_absolute__type_support.cpp
[1.254s] -- Up-to-date: /home/guilherme04/turtle_workspace/install/turtlesim/include/turtlesim/turtlesim/srv/detail/teleport_absolute__rosidl_typesupport_introspection_cpp.hpp
[1.255s] -- Up-to-date: /home/guilherme04/turtle_workspace/install/turtlesim/include/turtlesim/turtlesim/srv/detail/set_pen__rosidl_typesupport_introspection_cpp.hpp
[1.255s] -- Up-to-date: /home/guilherme04/turtle_workspace/install/turtlesim/include/turtlesim/turtlesim/srv/detail/kill__rosidl_typesupport_introspection_cpp.hpp
[1.255s] -- Up-to-date: /home/guilherme04/turtle_workspace/install/turtlesim/include/turtlesim/turtlesim/srv/detail/spawn__rosidl_typesupport_introspection_cpp.hpp
[1.255s] -- Up-to-date: /home/guilherme04/turtle_workspace/install/turtlesim/include/turtlesim/turtlesim/srv/detail/teleport_relative__rosidl_typesupport_introspection_cpp.hpp
[1.255s] -- Up-to-date: /home/guilherme04/turtle_workspace/install/turtlesim/include/turtlesim/turtlesim/msg
[1.255s] -- Up-to-date: /home/guilherme04/turtle_workspace/install/turtlesim/include/turtlesim/turtlesim/msg/detail
[1.255s] -- Up-to-date: /home/guilherme04/turtle_workspace/install/turtlesim/include/turtlesim/turtlesim/msg/detail/color__rosidl_typesupport_introspection_cpp.hpp
[1.255s] -- Up-to-date: /home/guilherme04/turtle_workspace/install/turtlesim/include/turtlesim/turtlesim/msg/detail/pose__rosidl_typesupport_introspection_cpp.hpp
[1.255s] -- Up-to-date: /home/guilherme04/turtle_workspace/install/turtlesim/include/turtlesim/turtlesim/msg/detail/color__type_support.cpp
[1.255s] -- Up-to-date: /home/guilherme04/turtle_workspace/install/turtlesim/include/turtlesim/turtlesim/msg/detail/pose__type_support.cpp
[1.255s] -- Up-to-date: /home/guilherme04/turtle_workspace/install/turtlesim/include/turtlesim/turtlesim/action
[1.255s] -- Up-to-date: /home/guilherme04/turtle_workspace/install/turtlesim/include/turtlesim/turtlesim/action/detail
[1.255s] -- Up-to-date: /home/guilherme04/turtle_workspace/install/turtlesim/include/turtlesim/turtlesim/action/detail/rotate_absolute__rosidl_typesupport_introspection_cpp.hpp
[1.255s] -- Up-to-date: /home/guilherme04/turtle_workspace/install/turtlesim/include/turtlesim/turtlesim/action/detail/rotate_absolute__type_support.cpp
[1.255s] -- Up-to-date: /home/guilherme04/turtle_workspace/install/turtlesim/lib/libturtlesim__rosidl_typesupport_introspection_cpp.so
[1.255s] -- Up-to-date: /home/guilherme04/turtle_workspace/install/turtlesim/lib/libturtlesim__rosidl_typesupport_cpp.so
[1.256s] -- Up-to-date: /home/guilherme04/turtle_workspace/install/turtlesim/share/turtlesim/environment/pythonpath.sh
[1.256s] -- Up-to-date: /home/guilherme04/turtle_workspace/install/turtlesim/share/turtlesim/environment/pythonpath.dsv
[1.256s] -- Up-to-date: /home/guilherme04/turtle_workspace/install/turtlesim/local/lib/python3.10/dist-packages/turtlesim-1.4.2-py3.10.egg-info
[1.256s] -- Installing: /home/guilherme04/turtle_workspace/install/turtlesim/local/lib/python3.10/dist-packages/turtlesim-1.4.2-py3.10.egg-info/top_level.txt
[1.256s] -- Installing: /home/guilherme04/turtle_workspace/install/turtlesim/local/lib/python3.10/dist-packages/turtlesim-1.4.2-py3.10.egg-info/dependency_links.txt
[1.256s] -- Installing: /home/guilherme04/turtle_workspace/install/turtlesim/local/lib/python3.10/dist-packages/turtlesim-1.4.2-py3.10.egg-info/SOURCES.txt
[1.256s] -- Installing: /home/guilherme04/turtle_workspace/install/turtlesim/local/lib/python3.10/dist-packages/turtlesim-1.4.2-py3.10.egg-info/PKG-INFO
[1.256s] -- Up-to-date: /home/guilherme04/turtle_workspace/install/turtlesim/local/lib/python3.10/dist-packages/turtlesim
[1.256s] -- Up-to-date: /home/guilherme04/turtle_workspace/install/turtlesim/local/lib/python3.10/dist-packages/turtlesim/srv
[1.256s] -- Up-to-date: /home/guilherme04/turtle_workspace/install/turtlesim/local/lib/python3.10/dist-packages/turtlesim/srv/_spawn.py
[1.256s] -- Up-to-date: /home/guilherme04/turtle_workspace/install/turtlesim/local/lib/python3.10/dist-packages/turtlesim/srv/_spawn_s.c
[1.256s] -- Up-to-date: /home/guilherme04/turtle_workspace/install/turtlesim/local/lib/python3.10/dist-packages/turtlesim/srv/_teleport_absolute_s.c
[1.256s] -- Up-to-date: /home/guilherme04/turtle_workspace/install/turtlesim/local/lib/python3.10/dist-packages/turtlesim/srv/_set_pen_s.c
[1.256s] -- Up-to-date: /home/guilherme04/turtle_workspace/install/turtlesim/local/lib/python3.10/dist-packages/turtlesim/srv/_teleport_relative.py
[1.256s] -- Up-to-date: /home/guilherme04/turtle_workspace/install/turtlesim/local/lib/python3.10/dist-packages/turtlesim/srv/_teleport_relative_s.c
[1.256s] -- Up-to-date: /home/guilherme04/turtle_workspace/install/turtlesim/local/lib/python3.10/dist-packages/turtlesim/srv/_kill_s.c
[1.257s] -- Up-to-date: /home/guilherme04/turtle_workspace/install/turtlesim/local/lib/python3.10/dist-packages/turtlesim/srv/_kill.py
[1.257s] -- Up-to-date: /home/guilherme04/turtle_workspace/install/turtlesim/local/lib/python3.10/dist-packages/turtlesim/srv/_set_pen.py
[1.257s] -- Up-to-date: /home/guilherme04/turtle_workspace/install/turtlesim/local/lib/python3.10/dist-packages/turtlesim/srv/_teleport_absolute.py
[1.257s] -- Up-to-date: /home/guilherme04/turtle_workspace/install/turtlesim/local/lib/python3.10/dist-packages/turtlesim/srv/__init__.py
[1.257s] -- Up-to-date: /home/guilherme04/turtle_workspace/install/turtlesim/local/lib/python3.10/dist-packages/turtlesim/turtlesim_s__rosidl_typesupport_introspection_c.cpython-310-x86_64-linux-gnu.so
[1.257s] -- Up-to-date: /home/guilherme04/turtle_workspace/install/turtlesim/local/lib/python3.10/dist-packages/turtlesim/_turtlesim_s.ep.rosidl_typesupport_c.c
[1.257s] -- Up-to-date: /home/guilherme04/turtle_workspace/install/turtlesim/local/lib/python3.10/dist-packages/turtlesim/_turtlesim_s.ep.rosidl_typesupport_introspection_c.c
[1.257s] -- Up-to-date: /home/guilherme04/turtle_workspace/install/turtlesim/local/lib/python3.10/dist-packages/turtlesim/_turtlesim_s.ep.rosidl_typesupport_fastrtps_c.c
[1.257s] -- Up-to-date: /home/guilherme04/turtle_workspace/install/turtlesim/local/lib/python3.10/dist-packages/turtlesim/libturtlesim__rosidl_generator_py.so
[1.257s] -- Up-to-date: /home/guilherme04/turtle_workspace/install/turtlesim/local/lib/python3.10/dist-packages/turtlesim/msg
[1.257s] -- Up-to-date: /home/guilherme04/turtle_workspace/install/turtlesim/local/lib/python3.10/dist-packages/turtlesim/msg/_pose_s.c
[1.257s] -- Up-to-date: /home/guilherme04/turtle_workspace/install/turtlesim/local/lib/python3.10/dist-packages/turtlesim/msg/_color.py
[1.257s] -- Up-to-date: /home/guilherme04/turtle_workspace/install/turtlesim/local/lib/python3.10/dist-packages/turtlesim/msg/_pose.py
[1.257s] -- Up-to-date: /home/guilherme04/turtle_workspace/install/turtlesim/local/lib/python3.10/dist-packages/turtlesim/msg/_color_s.c
[1.257s] -- Up-to-date: /home/guilherme04/turtle_workspace/install/turtlesim/local/lib/python3.10/dist-packages/turtlesim/msg/__init__.py
[1.258s] -- Up-to-date: /home/guilherme04/turtle_workspace/install/turtlesim/local/lib/python3.10/dist-packages/turtlesim/turtlesim_s__rosidl_typesupport_fastrtps_c.cpython-310-x86_64-linux-gnu.so
[1.258s] -- Up-to-date: /home/guilherme04/turtle_workspace/install/turtlesim/local/lib/python3.10/dist-packages/turtlesim/turtlesim_s__rosidl_typesupport_c.cpython-310-x86_64-linux-gnu.so
[1.258s] -- Up-to-date: /home/guilherme04/turtle_workspace/install/turtlesim/local/lib/python3.10/dist-packages/turtlesim/__init__.py
[1.258s] -- Up-to-date: /home/guilherme04/turtle_workspace/install/turtlesim/local/lib/python3.10/dist-packages/turtlesim/action
[1.258s] -- Up-to-date: /home/guilherme04/turtle_workspace/install/turtlesim/local/lib/python3.10/dist-packages/turtlesim/action/_rotate_absolute.py
[1.258s] -- Up-to-date: /home/guilherme04/turtle_workspace/install/turtlesim/local/lib/python3.10/dist-packages/turtlesim/action/_rotate_absolute_s.c
[1.258s] -- Up-to-date: /home/guilherme04/turtle_workspace/install/turtlesim/local/lib/python3.10/dist-packages/turtlesim/action/__init__.py
[1.268s] Listing '/home/guilherme04/turtle_workspace/install/turtlesim/local/lib/python3.10/dist-packages/turtlesim'...
[1.268s] Listing '/home/guilherme04/turtle_workspace/install/turtlesim/local/lib/python3.10/dist-packages/turtlesim/action'...
[1.268s] Listing '/home/guilherme04/turtle_workspace/install/turtlesim/local/lib/python3.10/dist-packages/turtlesim/msg'...
[1.268s] Listing '/home/guilherme04/turtle_workspace/install/turtlesim/local/lib/python3.10/dist-packages/turtlesim/srv'...
[1.274s] -- Up-to-date: /home/guilherme04/turtle_workspace/install/turtlesim/local/lib/python3.10/dist-packages/turtlesim/turtlesim_s__rosidl_typesupport_fastrtps_c.cpython-310-x86_64-linux-gnu.so
[1.274s] -- Up-to-date: /home/guilherme04/turtle_workspace/install/turtlesim/local/lib/python3.10/dist-packages/turtlesim/turtlesim_s__rosidl_typesupport_introspection_c.cpython-310-x86_64-linux-gnu.so
[1.274s] -- Up-to-date: /home/guilherme04/turtle_workspace/install/turtlesim/local/lib/python3.10/dist-packages/turtlesim/turtlesim_s__rosidl_typesupport_c.cpython-310-x86_64-linux-gnu.so
[1.275s] -- Up-to-date: /home/guilherme04/turtle_workspace/install/turtlesim/lib/libturtlesim__rosidl_generator_py.so
[1.275s] -- Up-to-date: /home/guilherme04/turtle_workspace/install/turtlesim/share/turtlesim/action/RotateAbsolute.idl
[1.275s] -- Up-to-date: /home/guilherme04/turtle_workspace/install/turtlesim/share/turtlesim/msg/Color.idl
[1.276s] -- Up-to-date: /home/guilherme04/turtle_workspace/install/turtlesim/share/turtlesim/msg/Pose.idl
[1.276s] -- Up-to-date: /home/guilherme04/turtle_workspace/install/turtlesim/share/turtlesim/srv/Kill.idl
[1.276s] -- Up-to-date: /home/guilherme04/turtle_workspace/install/turtlesim/share/turtlesim/srv/SetPen.idl
[1.276s] -- Up-to-date: /home/guilherme04/turtle_workspace/install/turtlesim/share/turtlesim/srv/Spawn.idl
[1.278s] -- Up-to-date: /home/guilherme04/turtle_workspace/install/turtlesim/share/turtlesim/srv/TeleportAbsolute.idl
[1.278s] -- Up-to-date: /home/guilherme04/turtle_workspace/install/turtlesim/share/turtlesim/srv/TeleportRelative.idl
[1.279s] -- Up-to-date: /home/guilherme04/turtle_workspace/install/turtlesim/share/turtlesim/action/RotateAbsolute.action
[1.280s] -- Up-to-date: /home/guilherme04/turtle_workspace/install/turtlesim/share/turtlesim/msg/Color.msg
[1.280s] -- Up-to-date: /home/guilherme04/turtle_workspace/install/turtlesim/share/turtlesim/msg/Pose.msg
[1.280s] -- Up-to-date: /home/guilherme04/turtle_workspace/install/turtlesim/share/turtlesim/srv/Kill.srv
[1.281s] -- Up-to-date: /home/guilherme04/turtle_workspace/install/turtlesim/share/turtlesim/srv/Kill_Request.msg
[1.281s] -- Up-to-date: /home/guilherme04/turtle_workspace/install/turtlesim/share/turtlesim/srv/Kill_Response.msg
[1.281s] -- Up-to-date: /home/guilherme04/turtle_workspace/install/turtlesim/share/turtlesim/srv/SetPen.srv
[1.282s] -- Up-to-date: /home/guilherme04/turtle_workspace/install/turtlesim/share/turtlesim/srv/SetPen_Request.msg
[1.283s] -- Up-to-date: /home/guilherme04/turtle_workspace/install/turtlesim/share/turtlesim/srv/SetPen_Response.msg
[1.283s] -- Up-to-date: /home/guilherme04/turtle_workspace/install/turtlesim/share/turtlesim/srv/Spawn.srv
[1.283s] -- Up-to-date: /home/guilherme04/turtle_workspace/install/turtlesim/share/turtlesim/srv/Spawn_Request.msg
[1.283s] -- Up-to-date: /home/guilherme04/turtle_workspace/install/turtlesim/share/turtlesim/srv/Spawn_Response.msg
[1.283s] -- Up-to-date: /home/guilherme04/turtle_workspace/install/turtlesim/share/turtlesim/srv/TeleportAbsolute.srv
[1.283s] -- Up-to-date: /home/guilherme04/turtle_workspace/install/turtlesim/share/turtlesim/srv/TeleportAbsolute_Request.msg
[1.283s] -- Up-to-date: /home/guilherme04/turtle_workspace/install/turtlesim/share/turtlesim/srv/TeleportAbsolute_Response.msg
[1.283s] -- Up-to-date: /home/guilherme04/turtle_workspace/install/turtlesim/share/turtlesim/srv/TeleportRelative.srv
[1.283s] -- Up-to-date: /home/guilherme04/turtle_workspace/install/turtlesim/share/turtlesim/srv/TeleportRelative_Request.msg
[1.284s] -- Up-to-date: /home/guilherme04/turtle_workspace/install/turtlesim/share/turtlesim/srv/TeleportRelative_Response.msg
[1.284s] -- Up-to-date: /home/guilherme04/turtle_workspace/install/turtlesim/lib/turtlesim/turtlesim_node
[1.284s] -- Up-to-date: /home/guilherme04/turtle_workspace/install/turtlesim/lib/turtlesim/turtle_teleop_key
[1.284s] -- Up-to-date: /home/guilherme04/turtle_workspace/install/turtlesim/lib/turtlesim/draw_square
[1.284s] -- Up-to-date: /home/guilherme04/turtle_workspace/install/turtlesim/lib/turtlesim/mimic
[1.284s] -- Up-to-date: /home/guilherme04/turtle_workspace/install/turtlesim/share/turtlesim/images
[1.284s] -- Up-to-date: /home/guilherme04/turtle_workspace/install/turtlesim/share/turtlesim/images/humble.png
[1.284s] -- Up-to-date: /home/guilherme04/turtle_workspace/install/turtlesim/share/turtlesim/images/bouncy.png
[1.284s] -- Up-to-date: /home/guilherme04/turtle_workspace/install/turtlesim/share/turtlesim/images/dashing.png
[1.285s] -- Up-to-date: /home/guilherme04/turtle_workspace/install/turtlesim/share/turtlesim/images/ardent.png
[1.285s] -- Up-to-date: /home/guilherme04/turtle_workspace/install/turtlesim/share/turtlesim/images/foxy.png
[1.285s] -- Up-to-date: /home/guilherme04/turtle_workspace/install/turtlesim/share/turtlesim/images/rolling.png
[1.285s] -- Up-to-date: /home/guilherme04/turtle_workspace/install/turtlesim/share/turtlesim/images/crystal.png
[1.286s] -- Up-to-date: /home/guilherme04/turtle_workspace/install/turtlesim/share/turtlesim/images/eloquent.png
[1.286s] -- Up-to-date: /home/guilherme04/turtle_workspace/install/turtlesim/share/turtlesim/images/galactic.png
[1.286s] -- Up-to-date: /home/guilherme04/turtle_workspace/install/turtlesim/share/turtlesim/launch
[1.286s] -- Up-to-date: /home/guilherme04/turtle_workspace/install/turtlesim/share/turtlesim/launch/multisim.launch.py
[1.286s] -- Up-to-date: /home/guilherme04/turtle_workspace/install/turtlesim/share/ament_index/resource_index/package_run_dependencies/turtlesim
[1.287s] -- Up-to-date: /home/guilherme04/turtle_workspace/install/turtlesim/share/ament_index/resource_index/parent_prefix_path/turtlesim
[1.287s] -- Up-to-date: /home/guilherme04/turtle_workspace/install/turtlesim/share/turtlesim/environment/ament_prefix_path.sh
[1.289s] -- Up-to-date: /home/guilherme04/turtle_workspace/install/turtlesim/share/turtlesim/environment/ament_prefix_path.dsv
[1.289s] -- Up-to-date: /home/guilherme04/turtle_workspace/install/turtlesim/share/turtlesim/environment/path.sh
[1.290s] -- Up-to-date: /home/guilherme04/turtle_workspace/install/turtlesim/share/turtlesim/environment/path.dsv
[1.290s] -- Up-to-date: /home/guilherme04/turtle_workspace/install/turtlesim/share/turtlesim/local_setup.bash
[1.294s] -- Up-to-date: /home/guilherme04/turtle_workspace/install/turtlesim/share/turtlesim/local_setup.sh
[1.294s] -- Up-to-date: /home/guilherme04/turtle_workspace/install/turtlesim/share/turtlesim/local_setup.zsh
[1.294s] -- Up-to-date: /home/guilherme04/turtle_workspace/install/turtlesim/share/turtlesim/local_setup.dsv
[1.294s] -- Installing: /home/guilherme04/turtle_workspace/install/turtlesim/share/turtlesim/package.dsv
[1.294s] -- Up-to-date: /home/guilherme04/turtle_workspace/install/turtlesim/share/ament_index/resource_index/packages/turtlesim
[1.295s] -- Up-to-date: /home/guilherme04/turtle_workspace/install/turtlesim/share/turtlesim/cmake/export_turtlesim__rosidl_generator_cExport.cmake
[1.295s] -- Up-to-date: /home/guilherme04/turtle_workspace/install/turtlesim/share/turtlesim/cmake/export_turtlesim__rosidl_generator_cExport-noconfig.cmake
[1.295s] -- Up-to-date: /home/guilherme04/turtle_workspace/install/turtlesim/share/turtlesim/cmake/export_turtlesim__rosidl_typesupport_fastrtps_cExport.cmake
[1.295s] -- Up-to-date: /home/guilherme04/turtle_workspace/install/turtlesim/share/turtlesim/cmake/export_turtlesim__rosidl_typesupport_fastrtps_cExport-noconfig.cmake
[1.295s] -- Up-to-date: /home/guilherme04/turtle_workspace/install/turtlesim/share/turtlesim/cmake/export_turtlesim__rosidl_generator_cppExport.cmake
[1.295s] -- Up-to-date: /home/guilherme04/turtle_workspace/install/turtlesim/share/turtlesim/cmake/export_turtlesim__rosidl_typesupport_fastrtps_cppExport.cmake
[1.296s] -- Up-to-date: /home/guilherme04/turtle_workspace/install/turtlesim/share/turtlesim/cmake/export_turtlesim__rosidl_typesupport_fastrtps_cppExport-noconfig.cmake
[1.296s] -- Up-to-date: /home/guilherme04/turtle_workspace/install/turtlesim/share/turtlesim/cmake/turtlesim__rosidl_typesupport_introspection_cExport.cmake
[1.296s] -- Up-to-date: /home/guilherme04/turtle_workspace/install/turtlesim/share/turtlesim/cmake/turtlesim__rosidl_typesupport_introspection_cExport-noconfig.cmake
[1.296s] -- Up-to-date: /home/guilherme04/turtle_workspace/install/turtlesim/share/turtlesim/cmake/turtlesim__rosidl_typesupport_cExport.cmake
[1.297s] -- Up-to-date: /home/guilherme04/turtle_workspace/install/turtlesim/share/turtlesim/cmake/turtlesim__rosidl_typesupport_cExport-noconfig.cmake
[1.297s] -- Up-to-date: /home/guilherme04/turtle_workspace/install/turtlesim/share/turtlesim/cmake/turtlesim__rosidl_typesupport_introspection_cppExport.cmake
[1.297s] -- Up-to-date: /home/guilherme04/turtle_workspace/install/turtlesim/share/turtlesim/cmake/turtlesim__rosidl_typesupport_introspection_cppExport-noconfig.cmake
[1.297s] -- Up-to-date: /home/guilherme04/turtle_workspace/install/turtlesim/share/turtlesim/cmake/turtlesim__rosidl_typesupport_cppExport.cmake
[1.297s] -- Up-to-date: /home/guilherme04/turtle_workspace/install/turtlesim/share/turtlesim/cmake/turtlesim__rosidl_typesupport_cppExport-noconfig.cmake
[1.297s] -- Up-to-date: /home/guilherme04/turtle_workspace/install/turtlesim/share/turtlesim/cmake/export_turtlesim__rosidl_generator_pyExport.cmake
[1.297s] -- Up-to-date: /home/guilherme04/turtle_workspace/install/turtlesim/share/turtlesim/cmake/export_turtlesim__rosidl_generator_pyExport-noconfig.cmake
[1.298s] -- Up-to-date: /home/guilherme04/turtle_workspace/install/turtlesim/share/turtlesim/cmake/rosidl_cmake-extras.cmake
[1.298s] -- Up-to-date: /home/guilherme04/turtle_workspace/install/turtlesim/share/turtlesim/cmake/ament_cmake_export_dependencies-extras.cmake
[1.298s] -- Up-to-date: /home/guilherme04/turtle_workspace/install/turtlesim/share/turtlesim/cmake/ament_cmake_export_include_directories-extras.cmake
[1.298s] -- Up-to-date: /home/guilherme04/turtle_workspace/install/turtlesim/share/turtlesim/cmake/ament_cmake_export_libraries-extras.cmake
[1.299s] -- Up-to-date: /home/guilherme04/turtle_workspace/install/turtlesim/share/turtlesim/cmake/ament_cmake_export_targets-extras.cmake
[1.299s] -- Up-to-date: /home/guilherme04/turtle_workspace/install/turtlesim/share/turtlesim/cmake/rosidl_cmake_export_typesupport_targets-extras.cmake
[1.299s] -- Up-to-date: /home/guilherme04/turtle_workspace/install/turtlesim/share/turtlesim/cmake/rosidl_cmake_export_typesupport_libraries-extras.cmake
[1.299s] -- Up-to-date: /home/guilherme04/turtle_workspace/install/turtlesim/share/turtlesim/cmake/turtlesimConfig.cmake
[1.299s] -- Up-to-date: /home/guilherme04/turtle_workspace/install/turtlesim/share/turtlesim/cmake/turtlesimConfig-version.cmake
[1.300s] -- Up-to-date: /home/guilherme04/turtle_workspace/install/turtlesim/share/turtlesim/package.xml
[1.300s] Invoked command in '/home/guilherme04/turtle_workspace/build/turtlesim' returned '0': CMAKE_PREFIX_PATH=${CMAKE_PREFIX_PATH}:/home/guilherme04/meu_workspace/install/ola_mundo:/home/guilherme04/meu_workspace/install/my_package:/opt/ros/humble /usr/bin/cmake --install /home/guilherme04/turtle_workspace/build/turtlesim
