running egg_info
creating ../../build/turtle_pond/turtle_pond.egg-info
writing ../../build/turtle_pond/turtle_pond.egg-info/PKG-INFO
writing dependency_links to ../../build/turtle_pond/turtle_pond.egg-info/dependency_links.txt
writing entry points to ../../build/turtle_pond/turtle_pond.egg-info/entry_points.txt
writing requirements to ../../build/turtle_pond/turtle_pond.egg-info/requires.txt
writing top-level names to ../../build/turtle_pond/turtle_pond.egg-info/top_level.txt
writing manifest file '../../build/turtle_pond/turtle_pond.egg-info/SOURCES.txt'
reading manifest file '../../build/turtle_pond/turtle_pond.egg-info/SOURCES.txt'
writing manifest file '../../build/turtle_pond/turtle_pond.egg-info/SOURCES.txt'
running build
running build_py
creating /home/guilherme04/turtle_workspace/build/turtle_pond/build
creating /home/guilherme04/turtle_workspace/build/turtle_pond/build/lib
creating /home/guilherme04/turtle_workspace/build/turtle_pond/build/lib/turtle_pond
copying turtle_pond/turtle.py -> /home/guilherme04/turtle_workspace/build/turtle_pond/build/lib/turtle_pond
copying turtle_pond/__init__.py -> /home/guilherme04/turtle_workspace/build/turtle_pond/build/lib/turtle_pond
running install
running install_lib
creating /home/guilherme04/turtle_workspace/install/turtle_pond/lib/python3.10/site-packages/turtle_pond
copying /home/guilherme04/turtle_workspace/build/turtle_pond/build/lib/turtle_pond/turtle.py -> /home/guilherme04/turtle_workspace/install/turtle_pond/lib/python3.10/site-packages/turtle_pond
copying /home/guilherme04/turtle_workspace/build/turtle_pond/build/lib/turtle_pond/__init__.py -> /home/guilherme04/turtle_workspace/install/turtle_pond/lib/python3.10/site-packages/turtle_pond
byte-compiling /home/guilherme04/turtle_workspace/install/turtle_pond/lib/python3.10/site-packages/turtle_pond/turtle.py to turtle.cpython-310.pyc
byte-compiling /home/guilherme04/turtle_workspace/install/turtle_pond/lib/python3.10/site-packages/turtle_pond/__init__.py to __init__.cpython-310.pyc
running install_data
creating /home/guilherme04/turtle_workspace/install/turtle_pond/share/ament_index
creating /home/guilherme04/turtle_workspace/install/turtle_pond/share/ament_index/resource_index
creating /home/guilherme04/turtle_workspace/install/turtle_pond/share/ament_index/resource_index/packages
copying resource/turtle_pond -> /home/guilherme04/turtle_workspace/install/turtle_pond/share/ament_index/resource_index/packages
copying package.xml -> /home/guilherme04/turtle_workspace/install/turtle_pond/share/turtle_pond
running install_egg_info
Copying ../../build/turtle_pond/turtle_pond.egg-info to /home/guilherme04/turtle_workspace/install/turtle_pond/lib/python3.10/site-packages/turtle_pond-0.0.0-py3.10.egg-info
running install_scripts
Installing turtle script to /home/guilherme04/turtle_workspace/install/turtle_pond/lib/turtle_pond
writing list of installed files to '/home/guilherme04/turtle_workspace/build/turtle_pond/install.log'
