[1.023s] Invoking command in '/home/guilherme04/turtle_workspace/src/turtle_pond': PYTHONPATH=/home/guilherme04/turtle_workspace/build/turtle_pond/prefix_override:/home/guilherme04/turtle_workspace/install/turtle_pond/lib/python3.10/site-packages:${PYTHONPATH} /usr/bin/python3 -W ignore:setup.py install is deprecated setup.py egg_info --egg-base ../../build/turtle_pond build --build-base /home/guilherme04/turtle_workspace/build/turtle_pond/build install --record /home/guilherme04/turtle_workspace/build/turtle_pond/install.log --single-version-externally-managed install_data
[1.281s] running egg_info
[1.281s] creating ../../build/turtle_pond/turtle_pond.egg-info
[1.281s] writing ../../build/turtle_pond/turtle_pond.egg-info/PKG-INFO
[1.281s] writing dependency_links to ../../build/turtle_pond/turtle_pond.egg-info/dependency_links.txt
[1.281s] writing entry points to ../../build/turtle_pond/turtle_pond.egg-info/entry_points.txt
[1.281s] writing requirements to ../../build/turtle_pond/turtle_pond.egg-info/requires.txt
[1.281s] writing top-level names to ../../build/turtle_pond/turtle_pond.egg-info/top_level.txt
[1.281s] writing manifest file '../../build/turtle_pond/turtle_pond.egg-info/SOURCES.txt'
[1.281s] reading manifest file '../../build/turtle_pond/turtle_pond.egg-info/SOURCES.txt'
[1.281s] writing manifest file '../../build/turtle_pond/turtle_pond.egg-info/SOURCES.txt'
[1.281s] running build
[1.281s] running build_py
[1.282s] creating /home/guilherme04/turtle_workspace/build/turtle_pond/build
[1.282s] creating /home/guilherme04/turtle_workspace/build/turtle_pond/build/lib
[1.282s] creating /home/guilherme04/turtle_workspace/build/turtle_pond/build/lib/turtle_pond
[1.282s] copying turtle_pond/turtle.py -> /home/guilherme04/turtle_workspace/build/turtle_pond/build/lib/turtle_pond
[1.282s] copying turtle_pond/__init__.py -> /home/guilherme04/turtle_workspace/build/turtle_pond/build/lib/turtle_pond
[1.282s] running install
[1.282s] running install_lib
[1.282s] creating /home/guilherme04/turtle_workspace/install/turtle_pond/lib/python3.10/site-packages/turtle_pond
[1.282s] copying /home/guilherme04/turtle_workspace/build/turtle_pond/build/lib/turtle_pond/turtle.py -> /home/guilherme04/turtle_workspace/install/turtle_pond/lib/python3.10/site-packages/turtle_pond
[1.282s] copying /home/guilherme04/turtle_workspace/build/turtle_pond/build/lib/turtle_pond/__init__.py -> /home/guilherme04/turtle_workspace/install/turtle_pond/lib/python3.10/site-packages/turtle_pond
[1.282s] byte-compiling /home/guilherme04/turtle_workspace/install/turtle_pond/lib/python3.10/site-packages/turtle_pond/turtle.py to turtle.cpython-310.pyc
[1.282s] byte-compiling /home/guilherme04/turtle_workspace/install/turtle_pond/lib/python3.10/site-packages/turtle_pond/__init__.py to __init__.cpython-310.pyc
[1.282s] running install_data
[1.282s] creating /home/guilherme04/turtle_workspace/install/turtle_pond/share/ament_index
[1.282s] creating /home/guilherme04/turtle_workspace/install/turtle_pond/share/ament_index/resource_index
[1.282s] creating /home/guilherme04/turtle_workspace/install/turtle_pond/share/ament_index/resource_index/packages
[1.282s] copying resource/turtle_pond -> /home/guilherme04/turtle_workspace/install/turtle_pond/share/ament_index/resource_index/packages
[1.282s] copying package.xml -> /home/guilherme04/turtle_workspace/install/turtle_pond/share/turtle_pond
[1.282s] running install_egg_info
[1.282s] Copying ../../build/turtle_pond/turtle_pond.egg-info to /home/guilherme04/turtle_workspace/install/turtle_pond/lib/python3.10/site-packages/turtle_pond-0.0.0-py3.10.egg-info
[1.282s] running install_scripts
[1.296s] Installing turtle script to /home/guilherme04/turtle_workspace/install/turtle_pond/lib/turtle_pond
[1.296s] writing list of installed files to '/home/guilherme04/turtle_workspace/build/turtle_pond/install.log'
[1.343s] Invoked command in '/home/guilherme04/turtle_workspace/src/turtle_pond' returned '0': PYTHONPATH=/home/guilherme04/turtle_workspace/build/turtle_pond/prefix_override:/home/guilherme04/turtle_workspace/install/turtle_pond/lib/python3.10/site-packages:${PYTHONPATH} /usr/bin/python3 -W ignore:setup.py install is deprecated setup.py egg_info --egg-base ../../build/turtle_pond build --build-base /home/guilherme04/turtle_workspace/build/turtle_pond/build install --record /home/guilherme04/turtle_workspace/build/turtle_pond/install.log --single-version-externally-managed install_data
